Using pre-set license
Built from '2021.3/staging' branch; Version is '2021.3.21f1 (1b156197d683) revision 1774945'; Using compiler version '192829333'; Build Type 'Release'
OS: 'Windows 11  (10.0.22000) 64bit Professional' Language: 'es' Physical Memory: 32559 MB
BatchMode: 1, IsHumanControllingUs: 0, StartBugReporterOnCrash: 0, Is64bit: 1, IsPro: 1

COMMAND LINE ARGUMENTS:
G:\Unity\Hub\Editor\2021.3.21f1\Editor\Unity.exe
-adb2
-batchMode
-noUpm
-name
AssetImportWorker4
-projectPath
D:/Documentos/ProyectosUnity/InventorySonsOfABit/Inventory/Inventory
-logFile
Logs/AssetImportWorker4.log
-srvPort
58470
Successfully changed project path to: D:/Documentos/ProyectosUnity/InventorySonsOfABit/Inventory/Inventory
D:/Documentos/ProyectosUnity/InventorySonsOfABit/Inventory/Inventory
[UnityMemory] Configuration Parameters - Can be set up in boot.config
    "memorysetup-bucket-allocator-granularity=16"
    "memorysetup-bucket-allocator-bucket-count=8"
    "memorysetup-bucket-allocator-block-size=33554432"
    "memorysetup-bucket-allocator-block-count=8"
    "memorysetup-main-allocator-block-size=16777216"
    "memorysetup-thread-allocator-block-size=16777216"
    "memorysetup-gfx-main-allocator-block-size=16777216"
    "memorysetup-gfx-thread-allocator-block-size=16777216"
    "memorysetup-cache-allocator-block-size=4194304"
    "memorysetup-typetree-allocator-block-size=2097152"
    "memorysetup-profiler-bucket-allocator-granularity=16"
    "memorysetup-profiler-bucket-allocator-bucket-count=8"
    "memorysetup-profiler-bucket-allocator-block-size=33554432"
    "memorysetup-profiler-bucket-allocator-block-count=8"
    "memorysetup-profiler-allocator-block-size=16777216"
    "memorysetup-profiler-editor-allocator-block-size=1048576"
    "memorysetup-temp-allocator-size-main=16777216"
    "memorysetup-job-temp-allocator-block-size=2097152"
    "memorysetup-job-temp-allocator-block-size-background=1048576"
    "memorysetup-job-temp-allocator-reduction-small-platforms=262144"
    "memorysetup-temp-allocator-size-background-worker=32768"
    "memorysetup-temp-allocator-size-job-worker=262144"
    "memorysetup-temp-allocator-size-preload-manager=33554432"
    "memorysetup-temp-allocator-size-nav-mesh-worker=65536"
    "memorysetup-temp-allocator-size-audio-worker=65536"
    "memorysetup-temp-allocator-size-cloud-worker=32768"
    "memorysetup-temp-allocator-size-gi-baking-worker=262144"
    "memorysetup-temp-allocator-size-gfx=262144"
Player connection [10256] Host "[IP] 192.168.50.153 [Port] 0 [Flags] 2 [Guid] 1231875553 [EditorId] 1231875553 [Version] 1048832 [Id] WindowsEditor(7,Victor-PC) [Debug] 1 [PackageName] WindowsEditor [ProjectName] Editor" joined multi-casting on [225.0.0.222:54997]...

Player connection [10256] Host "[IP] 192.168.50.153 [Port] 0 [Flags] 2 [Guid] 1231875553 [EditorId] 1231875553 [Version] 1048832 [Id] WindowsEditor(7,Victor-PC) [Debug] 1 [PackageName] WindowsEditor [ProjectName] Editor" joined alternative multi-casting on [225.0.0.222:34997]...

Refreshing native plugins compatible for Editor in 44.81 ms, found 3 plugins.
Preloading 0 native plugins for Editor in 0.00 ms.
Initialize engine version: 2021.3.21f1 (1b156197d683)
[Subsystems] Discovering subsystems at path G:/Unity/Hub/Editor/2021.3.21f1/Editor/Data/Resources/UnitySubsystems
[Subsystems] Discovering subsystems at path D:/Documentos/ProyectosUnity/InventorySonsOfABit/Inventory/Inventory/Assets
GfxDevice: creating device client; threaded=0; jobified=0
Direct3D:
    Version:  Direct3D 11.0 [level 11.1]
    Renderer: NVIDIA GeForce RTX 3060 Ti (ID=0x2489)
    Vendor:   NVIDIA
    VRAM:     8038 MB
    Driver:   31.0.15.3623
Initialize mono
Mono path[0] = 'G:/Unity/Hub/Editor/2021.3.21f1/Editor/Data/Managed'
Mono path[1] = 'G:/Unity/Hub/Editor/2021.3.21f1/Editor/Data/MonoBleedingEdge/lib/mono/unityjit-win32'
Mono config path = 'G:/Unity/Hub/Editor/2021.3.21f1/Editor/Data/MonoBleedingEdge/etc'
Using monoOptions --debugger-agent=transport=dt_socket,embedding=1,server=y,suspend=n,address=127.0.0.1:56032
Begin MonoManager ReloadAssembly
Registering precompiled unity dll's ...
Register platform support module: G:/Unity/Hub/Editor/2021.3.21f1/Editor/Data/PlaybackEngines/WebGLSupport/UnityEditor.WebGL.Extensions.dll
Register platform support module: G:/Unity/Hub/Editor/2021.3.21f1/Editor/Data/PlaybackEngines/AndroidPlayer/UnityEditor.Android.Extensions.dll
Register platform support module: G:/Unity/Hub/Editor/2021.3.21f1/Editor/Data/PlaybackEngines/WindowsStandaloneSupport/UnityEditor.WindowsStandalone.Extensions.dll
Register platform support module: G:/Unity/Hub/Editor/2021.3.21f1/Editor/Data/PlaybackEngines/MetroSupport/UnityEditor.UWP.Extensions.dll
Registered in 0.001976 seconds.
Native extension for UWP target not found
Native extension for WindowsStandalone target not found
Native extension for Android target not found
Android Extension - Scanning For ADB Devices 222 ms
Native extension for WebGL target not found
Refreshing native plugins compatible for Editor in 45.40 ms, found 3 plugins.
Preloading 0 native plugins for Editor in 0.00 ms.
Mono: successfully reloaded assembly
- Completed reload, in  0.629 seconds
Domain Reload Profiling:
	ReloadAssembly (629ms)
		BeginReloadAssembly (53ms)
			ExecutionOrderSort (0ms)
			DisableScriptedObjects (0ms)
			BackupInstance (0ms)
			ReleaseScriptingObjects (0ms)
			CreateAndSetChildDomain (1ms)
		EndReloadAssembly (520ms)
			LoadAssemblies (53ms)
			RebuildTransferFunctionScriptingTraits (0ms)
			SetupTypeCache (66ms)
			ReleaseScriptCaches (0ms)
			RebuildScriptCaches (17ms)
			SetupLoadedEditorAssemblies (406ms)
				LogAssemblyErrors (0ms)
				InitializePlatformSupportModulesInManaged (272ms)
				SetLoadedEditorAssemblies (0ms)
				RefreshPlugins (45ms)
				BeforeProcessingInitializeOnLoad (1ms)
				ProcessInitializeOnLoadAttributes (56ms)
				ProcessInitializeOnLoadMethodAttributes (31ms)
				AfterProcessingInitializeOnLoad (0ms)
				EditorAssembliesLoaded (0ms)
			ExecutionOrderSort2 (0ms)
			AwakeInstancesAfterBackupRestoration (0ms)
Platform modules already initialized, skipping
Registering precompiled user dll's ...
Registered in 0.003516 seconds.
Begin MonoManager ReloadAssembly
Symbol file LoadedFromMemory doesn't match image D:\Documentos\ProyectosUnity\InventorySonsOfABit\Inventory\Inventory\Library\PackageCache\com.unity.visualscripting@1.8.0\Editor\VisualScripting.Core\Dependencies\YamlDotNet\Unity.VisualScripting.YamlDotNet.dll
Symbol file LoadedFromMemory doesn't match image D:\Documentos\ProyectosUnity\InventorySonsOfABit\Inventory\Inventory\Library\PackageCache\com.unity.visualscripting@1.8.0\Editor\VisualScripting.Core\Dependencies\DotNetZip\Unity.VisualScripting.IonicZip.dll
Native extension for UWP target not found
Native extension for WindowsStandalone target not found
Native extension for Android target not found
Native extension for WebGL target not found
Refreshing native plugins compatible for Editor in 0.37 ms, found 3 plugins.
Preloading 0 native plugins for Editor in 0.00 ms.
Mono: successfully reloaded assembly
- Completed reload, in  0.716 seconds
Domain Reload Profiling:
	ReloadAssembly (717ms)
		BeginReloadAssembly (71ms)
			ExecutionOrderSort (0ms)
			DisableScriptedObjects (4ms)
			BackupInstance (0ms)
			ReleaseScriptingObjects (0ms)
			CreateAndSetChildDomain (14ms)
		EndReloadAssembly (588ms)
			LoadAssemblies (58ms)
			RebuildTransferFunctionScriptingTraits (0ms)
			SetupTypeCache (164ms)
			ReleaseScriptCaches (0ms)
			RebuildScriptCaches (36ms)
			SetupLoadedEditorAssemblies (295ms)
				LogAssemblyErrors (0ms)
				InitializePlatformSupportModulesInManaged (11ms)
				SetLoadedEditorAssemblies (0ms)
				RefreshPlugins (0ms)
				BeforeProcessingInitializeOnLoad (39ms)
				ProcessInitializeOnLoadAttributes (229ms)
				ProcessInitializeOnLoadMethodAttributes (12ms)
				AfterProcessingInitializeOnLoad (2ms)
				EditorAssembliesLoaded (0ms)
			ExecutionOrderSort2 (0ms)
			AwakeInstancesAfterBackupRestoration (4ms)
Platform modules already initialized, skipping
========================================================================
Worker process is ready to serve import requests
Launched and connected shader compiler UnityShaderCompiler.exe after 0.03 seconds
Refreshing native plugins compatible for Editor in 0.58 ms, found 3 plugins.
Preloading 0 native plugins for Editor in 0.00 ms.
Unloading 3083 Unused Serialized files (Serialized files now loaded: 0)
Unloading 24 unused Assets / (113.8 KB). Loaded Objects now: 3546.
Memory consumption went from 110.5 MB to 110.4 MB.
Total: 2.789800 ms (FindLiveObjects: 0.302000 ms CreateObjectMapping: 0.086500 ms MarkObjects: 2.271900 ms  DeleteObjects: 0.128300 ms)

AssetImportParameters requested are different than current active one (requested -> active):
  custom:video-decoder-ogg-theora: a1e56fd34408186e4bbccfd4996cb3dc -> 
  custom:container-muxer-webm: aa71ff27fc2769a1b78a27578f13a17b -> 
  custom:container-demuxer-webm: 4f35f7cbe854078d1ac9338744f61a02 -> 
  custom:video-encoder-webm-vp8: eb34c28f22e8b96e1ab97ce403110664 -> 
  custom:audio-encoder-webm-vorbis: bf7c407c2cedff20999df2af8eb42d56 -> 
  custom:framework-win-MediaFoundation: 216162199b28c13a410421893ffa2e32 -> 
  custom:container-demuxer-ogg: 62fdf1f143b41e24485cea50d1cbac27 -> 
  custom:video-decoder-webm-vp8: 9c59270c3fd7afecdb556c50c9e8de78 -> 
  custom:audio-decoder-ogg-vorbis: bf7c407c2cedff20999df2af8eb42d56 -> 
========================================================================
Received Import Request.
  Time since last request: 95185.731525 seconds.
  path: Assets/PolygonDungeon/Models/SM_Env_Entrance_Crypt_01.fbx
  artifactKey: Guid(5ac1505de94519f47a9c996212b0b2bc) Importer(815301076,1909f56bfc062723c751e8b465ee728b)
Start importing Assets/PolygonDungeon/Models/SM_Env_Entrance_Crypt_01.fbx using Guid(5ac1505de94519f47a9c996212b0b2bc) Importer(815301076,1909f56bfc062723c751e8b465ee728b)  -> (artifact id: 'd3f9110509bf8a35301be4ce3ff81d92') in 0.126157 seconds 
========================================================================
Received Import Request.
  Time since last request: 12.665078 seconds.
  path: Assets/PolygonDungeon/Textures/Dungeons_Texture_01.png
  artifactKey: Guid(b24b57e0cfed05643be34b0256df875e) Importer(815301076,1909f56bfc062723c751e8b465ee728b)
Start importing Assets/PolygonDungeon/Textures/Dungeons_Texture_01.png using Guid(b24b57e0cfed05643be34b0256df875e) Importer(815301076,1909f56bfc062723c751e8b465ee728b)  -> (artifact id: '36f9bd26d941818bd70e561cfe977cde') in 0.020339 seconds 
========================================================================
Received Import Request.
  Time since last request: 2.444482 seconds.
  path: Assets/PolygonDungeon/Prefabs/Characters
  artifactKey: Guid(89e9c38ed0366304ba02270c1319ab30) Importer(815301076,1909f56bfc062723c751e8b465ee728b)
Start importing Assets/PolygonDungeon/Prefabs/Characters using Guid(89e9c38ed0366304ba02270c1319ab30) Importer(815301076,1909f56bfc062723c751e8b465ee728b)  -> (artifact id: 'b3b3da284d090f18fa6f969fb72e26a3') in 0.007064 seconds 
========================================================================
Received Import Request.
  Time since last request: 9.485475 seconds.
  path: Assets/Textures
  artifactKey: Guid(9617030df55b07d45aa5710eca040f3b) Importer(815301076,1909f56bfc062723c751e8b465ee728b)
Start importing Assets/Textures using Guid(9617030df55b07d45aa5710eca040f3b) Importer(815301076,1909f56bfc062723c751e8b465ee728b)  -> (artifact id: '0558f308d4c711e0d0541fe4187f3332') in 0.005693 seconds 
========================================================================
Received Import Request.
  Time since last request: 5.594431 seconds.
  path: Assets/PolygonDungeon/Textures/Emmisive
  artifactKey: Guid(374824694002bc047b321a47ef70e50e) Importer(815301076,1909f56bfc062723c751e8b465ee728b)
Start importing Assets/PolygonDungeon/Textures/Emmisive using Guid(374824694002bc047b321a47ef70e50e) Importer(815301076,1909f56bfc062723c751e8b465ee728b)  -> (artifact id: '1a62acb4b8b26d17d05f594cd7c12ea1') in 0.006827 seconds 
========================================================================
Received Import Request.
  Time since last request: 55.116857 seconds.
  path: Assets/RPG_inventory_icons/apple.png
  artifactKey: Guid(5d9ba4e7d0964044ea54abe409d81dfd) Importer(815301076,1909f56bfc062723c751e8b465ee728b)
Start importing Assets/RPG_inventory_icons/apple.png using Guid(5d9ba4e7d0964044ea54abe409d81dfd) Importer(815301076,1909f56bfc062723c751e8b465ee728b)  -> (artifact id: 'a7a79b58afc4479f3f13a4350c9457c7') in 0.021555 seconds 
========================================================================
Received Import Request.
  Time since last request: 0.000016 seconds.
  path: Assets/RPG_inventory_icons/b_t_01.png
  artifactKey: Guid(5d7061fc7da05ce44add317708ec7215) Importer(815301076,1909f56bfc062723c751e8b465ee728b)
Start importing Assets/RPG_inventory_icons/b_t_01.png using Guid(5d7061fc7da05ce44add317708ec7215) Importer(815301076,1909f56bfc062723c751e8b465ee728b)  -> (artifact id: 'c0a5d1048b7700f5b94be838210c10cb') in 0.033542 seconds 
========================================================================
Received Import Request.
  Time since last request: 0.000016 seconds.
  path: Assets/RPG_inventory_icons/book.PNG
  artifactKey: Guid(ae496f5dad56ea645b72d374a0376368) Importer(815301076,1909f56bfc062723c751e8b465ee728b)
Start importing Assets/RPG_inventory_icons/book.PNG using Guid(ae496f5dad56ea645b72d374a0376368) Importer(815301076,1909f56bfc062723c751e8b465ee728b)  -> (artifact id: '4db4ad3c5fa28ae14617411f7cbac36b') in 0.022951 seconds 
========================================================================
Received Import Request.
  Time since last request: 0.000016 seconds.
  path: Assets/RPG_inventory_icons/cloaks.PNG
  artifactKey: Guid(6fc27c9d7fc2d9448af6851bf935e6d2) Importer(815301076,1909f56bfc062723c751e8b465ee728b)
Start importing Assets/RPG_inventory_icons/cloaks.PNG using Guid(6fc27c9d7fc2d9448af6851bf935e6d2) Importer(815301076,1909f56bfc062723c751e8b465ee728b)  -> (artifact id: 'c9f5cd51520002af90104892f72cb2d8') in 0.022854 seconds 
========================================================================
Received Import Request.
  Time since last request: 0.000020 seconds.
  path: Assets/RPG_inventory_icons/coins.png
  artifactKey: Guid(3676a0b185daeb54fb257f700ba7ead4) Importer(815301076,1909f56bfc062723c751e8b465ee728b)
Start importing Assets/RPG_inventory_icons/coins.png using Guid(3676a0b185daeb54fb257f700ba7ead4) Importer(815301076,1909f56bfc062723c751e8b465ee728b)  -> (artifact id: '6475b59a0495ba94384135833eb08fcf') in 0.030892 seconds 
========================================================================
Received Import Request.
  Time since last request: 0.999987 seconds.
  path: Assets/RPG_inventory_icons/gloves.PNG
  artifactKey: Guid(d4f5634edede200468fc1ccf30e6f3a1) Importer(815301076,1909f56bfc062723c751e8b465ee728b)
Start importing Assets/RPG_inventory_icons/gloves.PNG using Guid(d4f5634edede200468fc1ccf30e6f3a1) Importer(815301076,1909f56bfc062723c751e8b465ee728b)  -> (artifact id: '8357f8f7510c33a01cdc002f4dc3f94b') in 0.014734 seconds 
========================================================================
Received Import Request.
  Time since last request: 0.016654 seconds.
  path: Assets/RPG_inventory_icons/ingots.png
  artifactKey: Guid(3e4fcc84a0ac95b429c56452575f6021) Importer(815301076,1909f56bfc062723c751e8b465ee728b)
Start importing Assets/RPG_inventory_icons/ingots.png using Guid(3e4fcc84a0ac95b429c56452575f6021) Importer(815301076,1909f56bfc062723c751e8b465ee728b)  -> (artifact id: '2a6e1cf5c1ad1a8b10960341a6bd6c2f') in 0.016543 seconds 
========================================================================
Received Import Request.
  Time since last request: 0.306892 seconds.
  path: Assets/RPG_inventory_icons/Meat.png
  artifactKey: Guid(4a39cb4b272639541b7bd5ac0649acf7) Importer(815301076,1909f56bfc062723c751e8b465ee728b)
Start importing Assets/RPG_inventory_icons/Meat.png using Guid(4a39cb4b272639541b7bd5ac0649acf7) Importer(815301076,1909f56bfc062723c751e8b465ee728b)  -> (artifact id: 'dc1891e718a57f29aaead70e122089d4') in 0.016697 seconds 
========================================================================
Received Import Request.
  Time since last request: 0.001425 seconds.
  path: Assets/RPG_inventory_icons/necklace.PNG
  artifactKey: Guid(0e123cfdc54a3ca4684816a34167a566) Importer(815301076,1909f56bfc062723c751e8b465ee728b)
Start importing Assets/RPG_inventory_icons/necklace.PNG using Guid(0e123cfdc54a3ca4684816a34167a566) Importer(815301076,1909f56bfc062723c751e8b465ee728b)  -> (artifact id: '53865babc4275c645be788ae8491008b') in 0.014840 seconds 
========================================================================
Received Import Request.
  Time since last request: 0.007688 seconds.
  path: Assets/RPG_inventory_icons/rings.PNG
  artifactKey: Guid(970324311431c794ca338446ea889948) Importer(815301076,1909f56bfc062723c751e8b465ee728b)
Start importing Assets/RPG_inventory_icons/rings.PNG using Guid(970324311431c794ca338446ea889948) Importer(815301076,1909f56bfc062723c751e8b465ee728b)  -> (artifact id: '36c9bae797d893ba9d2db64be85891e3') in 0.014202 seconds 
========================================================================
Received Import Request.
  Time since last request: 0.342367 seconds.
  path: Assets/RPG_inventory_icons/shoulders.png
  artifactKey: Guid(f126324fd2486a641842ea5a8244c2d1) Importer(815301076,1909f56bfc062723c751e8b465ee728b)
Start importing Assets/RPG_inventory_icons/shoulders.png using Guid(f126324fd2486a641842ea5a8244c2d1) Importer(815301076,1909f56bfc062723c751e8b465ee728b)  -> (artifact id: '0a4c7c271e508af5a8f647b0c1b55b6d') in 0.014778 seconds 
========================================================================
Received Import Request.
  Time since last request: 21.287504 seconds.
  path: Assets/RPG_inventory_icons/ingots.png
  artifactKey: Guid(3e4fcc84a0ac95b429c56452575f6021) Importer(815301076,1909f56bfc062723c751e8b465ee728b)
Start importing Assets/RPG_inventory_icons/ingots.png using Guid(3e4fcc84a0ac95b429c56452575f6021) Importer(815301076,1909f56bfc062723c751e8b465ee728b)  -> (artifact id: '727a49786802967a1787e04cd80a27c7') in 0.118026 seconds 
========================================================================
Received Import Request.
  Time since last request: 0.000014 seconds.
  path: Assets/RPG_inventory_icons/shield.png
  artifactKey: Guid(b97c91e8b348f3f4ebdc11f5c82182cd) Importer(815301076,1909f56bfc062723c751e8b465ee728b)
Start importing Assets/RPG_inventory_icons/shield.png using Guid(b97c91e8b348f3f4ebdc11f5c82182cd) Importer(815301076,1909f56bfc062723c751e8b465ee728b)  -> (artifact id: 'ad9ac00f95fb576c6c5d8208f7ea8009') in 0.014826 seconds 
========================================================================
Received Import Request.
  Time since last request: 0.000023 seconds.
  path: Assets/RPG_inventory_icons/rings.PNG
  artifactKey: Guid(970324311431c794ca338446ea889948) Importer(815301076,1909f56bfc062723c751e8b465ee728b)
Start importing Assets/RPG_inventory_icons/rings.PNG using Guid(970324311431c794ca338446ea889948) Importer(815301076,1909f56bfc062723c751e8b465ee728b)  -> (artifact id: 'b6d7431f52d62335e0c62c14b4f564ff') in 0.015485 seconds 
========================================================================
Received Import Request.
  Time since last request: 0.000018 seconds.
  path: Assets/RPG_inventory_icons/sword.png
  artifactKey: Guid(5fd50594014b70e48bd6993443d46b32) Importer(815301076,1909f56bfc062723c751e8b465ee728b)
Start importing Assets/RPG_inventory_icons/sword.png using Guid(5fd50594014b70e48bd6993443d46b32) Importer(815301076,1909f56bfc062723c751e8b465ee728b)  -> (artifact id: '21e64b93e02eefb52dd8e3ab30b3275e') in 0.013747 seconds 
========================================================================
Received Import Request.
  Time since last request: 9.308756 seconds.
  path: Assets/RPG_inventory_icons/apple.png
  artifactKey: Guid(5d9ba4e7d0964044ea54abe409d81dfd) Importer(815301076,1909f56bfc062723c751e8b465ee728b)
Start importing Assets/RPG_inventory_icons/apple.png using Guid(5d9ba4e7d0964044ea54abe409d81dfd) Importer(815301076,1909f56bfc062723c751e8b465ee728b)  -> (artifact id: '589065e8a7695ac217d5de7d9e8ec49d') in 0.018409 seconds 
========================================================================
Received Import Request.
  Time since last request: 0.000035 seconds.
  path: Assets/RPG_inventory_icons/belts.png
  artifactKey: Guid(da09804303305f542a686824630e7269) Importer(815301076,1909f56bfc062723c751e8b465ee728b)
Start importing Assets/RPG_inventory_icons/belts.png using Guid(da09804303305f542a686824630e7269) Importer(815301076,1909f56bfc062723c751e8b465ee728b)  -> (artifact id: '237cecde19f775c2d18a078471e2d5ee') in 0.058026 seconds 
========================================================================
Received Import Request.
  Time since last request: 0.000020 seconds.
  path: Assets/RPG_inventory_icons/coins.png
  artifactKey: Guid(3676a0b185daeb54fb257f700ba7ead4) Importer(815301076,1909f56bfc062723c751e8b465ee728b)
Start importing Assets/RPG_inventory_icons/coins.png using Guid(3676a0b185daeb54fb257f700ba7ead4) Importer(815301076,1909f56bfc062723c751e8b465ee728b)  -> (artifact id: '459bd82b32001ad23f1a6192a3eed690') in 0.019631 seconds 
========================================================================
Received Import Request.
  Time since last request: 10.311147 seconds.
  path: Assets/Items/Equipment
  artifactKey: Guid(8b40b6b5cacb3054ea9d810656d6e9d9) Importer(815301076,1909f56bfc062723c751e8b465ee728b)
Start importing Assets/Items/Equipment using Guid(8b40b6b5cacb3054ea9d810656d6e9d9) Importer(815301076,1909f56bfc062723c751e8b465ee728b)  -> (artifact id: '7a5378320352ae2289525ab70f1b17aa') in 0.006915 seconds 
========================================================================
Received Import Request.
  Time since last request: 0.614334 seconds.
  path: Assets/Items/Equipment/Armour
  artifactKey: Guid(20927c4579cfcb34c8606e5171c364c4) Importer(815301076,1909f56bfc062723c751e8b465ee728b)
Start importing Assets/Items/Equipment/Armour using Guid(20927c4579cfcb34c8606e5171c364c4) Importer(815301076,1909f56bfc062723c751e8b465ee728b)  -> (artifact id: '220a5861e4148f3bf97b0f05fbafcc30') in 0.001414 seconds 
========================================================================
Received Import Request.
  Time since last request: 46.507522 seconds.
  path: Assets/MenuAssets/Sliced/Artifact Store/categories_and_items_carv.png
  artifactKey: Guid(1c2953a1811933b47bad16c5628470c8) Importer(815301076,1909f56bfc062723c751e8b465ee728b)
Start importing Assets/MenuAssets/Sliced/Artifact Store/categories_and_items_carv.png using Guid(1c2953a1811933b47bad16c5628470c8) Importer(815301076,1909f56bfc062723c751e8b465ee728b)  -> (artifact id: 'a4189af9b767ae3a83e3a8333356951d') in 0.042736 seconds 
========================================================================
Received Import Request.
  Time since last request: 4.430830 seconds.
  path: Assets/MenuAssets/Sliced/General UI Elements/Buttons/button_d.png
  artifactKey: Guid(be36c4f718b79104f916618e080db910) Importer(815301076,1909f56bfc062723c751e8b465ee728b)
Start importing Assets/MenuAssets/Sliced/General UI Elements/Buttons/button_d.png using Guid(be36c4f718b79104f916618e080db910) Importer(815301076,1909f56bfc062723c751e8b465ee728b)  -> (artifact id: '7d03a1ee6689010cf340f7fe9153cac8') in 0.024942 seconds 
========================================================================
Received Import Request.
  Time since last request: 7.009523 seconds.
  path: Assets/MenuAssets/Sliced/Panels/Player Inventory
  artifactKey: Guid(aebf0b4b3d5a2e54ab5dc7562e99092b) Importer(815301076,1909f56bfc062723c751e8b465ee728b)
Start importing Assets/MenuAssets/Sliced/Panels/Player Inventory using Guid(aebf0b4b3d5a2e54ab5dc7562e99092b) Importer(815301076,1909f56bfc062723c751e8b465ee728b)  -> (artifact id: '135e6e08a6f2873aea5f36a142fba9ec') in 0.006979 seconds 
========================================================================
Received Import Request.
  Time since last request: 34.268954 seconds.
  path: Assets/Textures/InventoryIcons/gem.png
  artifactKey: Guid(e7d29a79bc7fae248887c8a08a160303) Importer(815301076,1909f56bfc062723c751e8b465ee728b)
Start importing Assets/Textures/InventoryIcons/gem.png using Guid(e7d29a79bc7fae248887c8a08a160303) Importer(815301076,1909f56bfc062723c751e8b465ee728b)  -> (artifact id: '6e3b8e8604332e23427849ceb057db7f') in 0.031801 seconds 
========================================================================
Received Import Request.
  Time since last request: 0.012671 seconds.
  path: Assets/Textures/InventoryIcons/hp.png
  artifactKey: Guid(e52ea25af699fd445b7046374f81a5b9) Importer(815301076,1909f56bfc062723c751e8b465ee728b)
Start importing Assets/Textures/InventoryIcons/hp.png using Guid(e52ea25af699fd445b7046374f81a5b9) Importer(815301076,1909f56bfc062723c751e8b465ee728b)  -> (artifact id: '0f641ef5b422f0724b486e2251d9b78c') in 0.033121 seconds 
========================================================================
Received Import Request.
  Time since last request: 0.160109 seconds.
  path: Assets/Textures/InventoryIcons/mp.png
  artifactKey: Guid(6592b916f86b19e428db6f6847c7b6dd) Importer(815301076,1909f56bfc062723c751e8b465ee728b)
Start importing Assets/Textures/InventoryIcons/mp.png using Guid(6592b916f86b19e428db6f6847c7b6dd) Importer(815301076,1909f56bfc062723c751e8b465ee728b)  -> (artifact id: 'b30e42016bf9b3836fa571833b172b79') in 0.014472 seconds 
========================================================================
Received Import Request.
  Time since last request: 0.001130 seconds.
  path: Assets/Textures/InventoryIcons/pants.png
  artifactKey: Guid(b8fb302c5768e334ca82005f50e58121) Importer(815301076,1909f56bfc062723c751e8b465ee728b)
Start importing Assets/Textures/InventoryIcons/pants.png using Guid(b8fb302c5768e334ca82005f50e58121) Importer(815301076,1909f56bfc062723c751e8b465ee728b)  -> (artifact id: 'a51bd9bbac74c0611b1ca5a5cec0918d') in 0.029399 seconds 
========================================================================
Received Import Request.
  Time since last request: 112.155520 seconds.
  path: Packages/com.unity.textmeshpro/Editor Resources/Textures/btn_AlignBaseLine.psd
  artifactKey: Guid(8bc445bb79654bf496c92d0407840a92) Importer(815301076,1909f56bfc062723c751e8b465ee728b)
Start importing Packages/com.unity.textmeshpro/Editor Resources/Textures/btn_AlignBaseLine.psd using Guid(8bc445bb79654bf496c92d0407840a92) Importer(815301076,1909f56bfc062723c751e8b465ee728b)  -> (artifact id: 'aa8201d79be9fc423d6f7f3d6d815a96') in 0.015170 seconds 
========================================================================
Received Import Request.
  Time since last request: 0.008784 seconds.
  path: Packages/com.unity.textmeshpro/Editor Resources/Textures/btn_AlignBottom.psd
  artifactKey: Guid(ca51b19024094d1b87f3e07edb0a75fb) Importer(815301076,1909f56bfc062723c751e8b465ee728b)
Start importing Packages/com.unity.textmeshpro/Editor Resources/Textures/btn_AlignBottom.psd using Guid(ca51b19024094d1b87f3e07edb0a75fb) Importer(815301076,1909f56bfc062723c751e8b465ee728b)  -> (artifact id: '688a0ac957d3505814a3661651efcf76') in 0.011894 seconds 
========================================================================
Received Import Request.
  Time since last request: 0.000021 seconds.
  path: Packages/com.unity.textmeshpro/Editor Resources/Textures/btn_AlignCenter.psd
  artifactKey: Guid(81ed8c76d2bc4a4c95d092c98af4e58f) Importer(815301076,1909f56bfc062723c751e8b465ee728b)
Start importing Packages/com.unity.textmeshpro/Editor Resources/Textures/btn_AlignCenter.psd using Guid(81ed8c76d2bc4a4c95d092c98af4e58f) Importer(815301076,1909f56bfc062723c751e8b465ee728b)  -> (artifact id: 'aede8093aac20b33f19bb27205017204') in 0.021566 seconds 
========================================================================
Received Import Request.
  Time since last request: 0.000013 seconds.
  path: Packages/com.unity.textmeshpro/Editor Resources/Textures/btn_AlignCenter_Light.psd
  artifactKey: Guid(6ace62d30f494c948b71d5594afce11d) Importer(815301076,1909f56bfc062723c751e8b465ee728b)
Start importing Packages/com.unity.textmeshpro/Editor Resources/Textures/btn_AlignCenter_Light.psd using Guid(6ace62d30f494c948b71d5594afce11d) Importer(815301076,1909f56bfc062723c751e8b465ee728b)  -> (artifact id: 'b015c9d5bdadc3317989916f713e5cc3') in 0.018772 seconds 
========================================================================
Received Import Request.
  Time since last request: 0.000016 seconds.
  path: Packages/com.unity.textmeshpro/Editor Resources/Textures/btn_AlignCapLine_Light.psd
  artifactKey: Guid(49679f302ac6408697f6b9314a38985c) Importer(815301076,1909f56bfc062723c751e8b465ee728b)
Start importing Packages/com.unity.textmeshpro/Editor Resources/Textures/btn_AlignCapLine_Light.psd using Guid(49679f302ac6408697f6b9314a38985c) Importer(815301076,1909f56bfc062723c751e8b465ee728b)  -> (artifact id: 'cfe7d1f075d98d33dc2c1ed45056eb5a') in 0.012667 seconds 
========================================================================
Received Prepare
Refreshing native plugins compatible for Editor in 17.16 ms, found 3 plugins.
Preloading 0 native plugins for Editor in 0.00 ms.
Unloading 17 Unused Serialized files (Serialized files now loaded: 0)
Unloading 17 unused Assets / (77.5 KB). Loaded Objects now: 3572.
Memory consumption went from 52.5 MB to 52.4 MB.
Total: 17.206400 ms (FindLiveObjects: 0.591600 ms CreateObjectMapping: 0.323500 ms MarkObjects: 16.108900 ms  DeleteObjects: 0.179300 ms)

AssetImportParameters requested are different than current active one (requested -> active):
  custom:video-decoder-ogg-theora: a1e56fd34408186e4bbccfd4996cb3dc -> 
  custom:container-muxer-webm: aa71ff27fc2769a1b78a27578f13a17b -> 
  custom:container-demuxer-webm: 4f35f7cbe854078d1ac9338744f61a02 -> 
  custom:video-encoder-webm-vp8: eb34c28f22e8b96e1ab97ce403110664 -> 
  custom:audio-encoder-webm-vorbis: bf7c407c2cedff20999df2af8eb42d56 -> 
  custom:framework-win-MediaFoundation: 216162199b28c13a410421893ffa2e32 -> 
  custom:container-demuxer-ogg: 62fdf1f143b41e24485cea50d1cbac27 -> 
  custom:video-decoder-webm-vp8: 9c59270c3fd7afecdb556c50c9e8de78 -> 
  custom:audio-decoder-ogg-vorbis: bf7c407c2cedff20999df2af8eb42d56 -> 
Editor requested this worker to shutdown with reason: Scaling down because of idle timeout
AssetImportWorker is now disconnected from the server
Process exiting
Exiting without the bug reporter. Application will terminate with return code 0