Using pre-set license
Built from '2021.3/staging' branch; Version is '2021.3.21f1 (1b156197d683) revision 1774945'; Using compiler version '192829333'; Build Type 'Release'
OS: 'Windows 11  (10.0.22000) 64bit Professional' Language: 'es' Physical Memory: 32559 MB
BatchMode: 1, IsHumanControllingUs: 0, StartBugReporterOnCrash: 0, Is64bit: 1, IsPro: 1

COMMAND LINE ARGUMENTS:
G:\Unity\Hub\Editor\2021.3.21f1\Editor\Unity.exe
-adb2
-batchMode
-noUpm
-name
AssetImportWorker2
-projectPath
D:/Documentos/ProyectosUnity/InventorySonsOfABit/Inventory/Inventory
-logFile
Logs/AssetImportWorker2.log
-srvPort
58470
Successfully changed project path to: D:/Documentos/ProyectosUnity/InventorySonsOfABit/Inventory/Inventory
D:/Documentos/ProyectosUnity/InventorySonsOfABit/Inventory/Inventory
[UnityMemory] Configuration Parameters - Can be set up in boot.config
    "memorysetup-bucket-allocator-granularity=16"
    "memorysetup-bucket-allocator-bucket-count=8"
    "memorysetup-bucket-allocator-block-size=33554432"
    "memorysetup-bucket-allocator-block-count=8"
    "memorysetup-main-allocator-block-size=16777216"
    "memorysetup-thread-allocator-block-size=16777216"
    "memorysetup-gfx-main-allocator-block-size=16777216"
    "memorysetup-gfx-thread-allocator-block-size=16777216"
    "memorysetup-cache-allocator-block-size=4194304"
    "memorysetup-typetree-allocator-block-size=2097152"
    "memorysetup-profiler-bucket-allocator-granularity=16"
    "memorysetup-profiler-bucket-allocator-bucket-count=8"
    "memorysetup-profiler-bucket-allocator-block-size=33554432"
    "memorysetup-profiler-bucket-allocator-block-count=8"
    "memorysetup-profiler-allocator-block-size=16777216"
    "memorysetup-profiler-editor-allocator-block-size=1048576"
    "memorysetup-temp-allocator-size-main=16777216"
    "memorysetup-job-temp-allocator-block-size=2097152"
    "memorysetup-job-temp-allocator-block-size-background=1048576"
    "memorysetup-job-temp-allocator-reduction-small-platforms=262144"
    "memorysetup-temp-allocator-size-background-worker=32768"
    "memorysetup-temp-allocator-size-job-worker=262144"
    "memorysetup-temp-allocator-size-preload-manager=33554432"
    "memorysetup-temp-allocator-size-nav-mesh-worker=65536"
    "memorysetup-temp-allocator-size-audio-worker=65536"
    "memorysetup-temp-allocator-size-cloud-worker=32768"
    "memorysetup-temp-allocator-size-gi-baking-worker=262144"
    "memorysetup-temp-allocator-size-gfx=262144"
Player connection [19052] Host "[IP] 192.168.50.153 [Port] 0 [Flags] 2 [Guid] 32368165 [EditorId] 32368165 [Version] 1048832 [Id] WindowsEditor(7,Victor-PC) [Debug] 1 [PackageName] WindowsEditor [ProjectName] Editor" joined multi-casting on [225.0.0.222:54997]...

Player connection [19052] Host "[IP] 192.168.50.153 [Port] 0 [Flags] 2 [Guid] 32368165 [EditorId] 32368165 [Version] 1048832 [Id] WindowsEditor(7,Victor-PC) [Debug] 1 [PackageName] WindowsEditor [ProjectName] Editor" joined alternative multi-casting on [225.0.0.222:34997]...

Refreshing native plugins compatible for Editor in 42.50 ms, found 3 plugins.
Preloading 0 native plugins for Editor in 0.00 ms.
Initialize engine version: 2021.3.21f1 (1b156197d683)
[Subsystems] Discovering subsystems at path G:/Unity/Hub/Editor/2021.3.21f1/Editor/Data/Resources/UnitySubsystems
[Subsystems] Discovering subsystems at path D:/Documentos/ProyectosUnity/InventorySonsOfABit/Inventory/Inventory/Assets
GfxDevice: creating device client; threaded=0; jobified=0
Direct3D:
    Version:  Direct3D 11.0 [level 11.1]
    Renderer: NVIDIA GeForce RTX 3060 Ti (ID=0x2489)
    Vendor:   NVIDIA
    VRAM:     8038 MB
    Driver:   31.0.15.3623
Initialize mono
Mono path[0] = 'G:/Unity/Hub/Editor/2021.3.21f1/Editor/Data/Managed'
Mono path[1] = 'G:/Unity/Hub/Editor/2021.3.21f1/Editor/Data/MonoBleedingEdge/lib/mono/unityjit-win32'
Mono config path = 'G:/Unity/Hub/Editor/2021.3.21f1/Editor/Data/MonoBleedingEdge/etc'
Using monoOptions --debugger-agent=transport=dt_socket,embedding=1,server=y,suspend=n,address=127.0.0.1:56872
Begin MonoManager ReloadAssembly
Registering precompiled unity dll's ...
Register platform support module: G:/Unity/Hub/Editor/2021.3.21f1/Editor/Data/PlaybackEngines/WebGLSupport/UnityEditor.WebGL.Extensions.dll
Register platform support module: G:/Unity/Hub/Editor/2021.3.21f1/Editor/Data/PlaybackEngines/AndroidPlayer/UnityEditor.Android.Extensions.dll
Register platform support module: G:/Unity/Hub/Editor/2021.3.21f1/Editor/Data/PlaybackEngines/WindowsStandaloneSupport/UnityEditor.WindowsStandalone.Extensions.dll
Register platform support module: G:/Unity/Hub/Editor/2021.3.21f1/Editor/Data/PlaybackEngines/MetroSupport/UnityEditor.UWP.Extensions.dll
Registered in 0.001549 seconds.
Native extension for UWP target not found
Native extension for WindowsStandalone target not found
Native extension for Android target not found
Android Extension - Scanning For ADB Devices 172 ms
Native extension for WebGL target not found
Refreshing native plugins compatible for Editor in 40.68 ms, found 3 plugins.
Preloading 0 native plugins for Editor in 0.00 ms.
Mono: successfully reloaded assembly
- Completed reload, in  0.539 seconds
Domain Reload Profiling:
	ReloadAssembly (539ms)
		BeginReloadAssembly (50ms)
			ExecutionOrderSort (0ms)
			DisableScriptedObjects (0ms)
			BackupInstance (0ms)
			ReleaseScriptingObjects (0ms)
			CreateAndSetChildDomain (0ms)
		EndReloadAssembly (439ms)
			LoadAssemblies (50ms)
			RebuildTransferFunctionScriptingTraits (0ms)
			SetupTypeCache (61ms)
			ReleaseScriptCaches (0ms)
			RebuildScriptCaches (15ms)
			SetupLoadedEditorAssemblies (335ms)
				LogAssemblyErrors (0ms)
				InitializePlatformSupportModulesInManaged (219ms)
				SetLoadedEditorAssemblies (0ms)
				RefreshPlugins (41ms)
				BeforeProcessingInitializeOnLoad (1ms)
				ProcessInitializeOnLoadAttributes (50ms)
				ProcessInitializeOnLoadMethodAttributes (24ms)
				AfterProcessingInitializeOnLoad (0ms)
				EditorAssembliesLoaded (0ms)
			ExecutionOrderSort2 (0ms)
			AwakeInstancesAfterBackupRestoration (0ms)
Platform modules already initialized, skipping
Registering precompiled user dll's ...
Registered in 0.002246 seconds.
Begin MonoManager ReloadAssembly
Symbol file LoadedFromMemory doesn't match image D:\Documentos\ProyectosUnity\InventorySonsOfABit\Inventory\Inventory\Library\PackageCache\com.unity.visualscripting@1.8.0\Editor\VisualScripting.Core\Dependencies\YamlDotNet\Unity.VisualScripting.YamlDotNet.dll
Symbol file LoadedFromMemory doesn't match image D:\Documentos\ProyectosUnity\InventorySonsOfABit\Inventory\Inventory\Library\PackageCache\com.unity.visualscripting@1.8.0\Editor\VisualScripting.Core\Dependencies\DotNetZip\Unity.VisualScripting.IonicZip.dll
Native extension for UWP target not found
Native extension for WindowsStandalone target not found
Native extension for Android target not found
Native extension for WebGL target not found
Refreshing native plugins compatible for Editor in 0.31 ms, found 3 plugins.
Preloading 0 native plugins for Editor in 0.00 ms.
Mono: successfully reloaded assembly
- Completed reload, in  0.653 seconds
Domain Reload Profiling:
	ReloadAssembly (654ms)
		BeginReloadAssembly (65ms)
			ExecutionOrderSort (0ms)
			DisableScriptedObjects (3ms)
			BackupInstance (0ms)
			ReleaseScriptingObjects (0ms)
			CreateAndSetChildDomain (12ms)
		EndReloadAssembly (531ms)
			LoadAssemblies (52ms)
			RebuildTransferFunctionScriptingTraits (0ms)
			SetupTypeCache (142ms)
			ReleaseScriptCaches (0ms)
			RebuildScriptCaches (27ms)
			SetupLoadedEditorAssemblies (283ms)
				LogAssemblyErrors (0ms)
				InitializePlatformSupportModulesInManaged (10ms)
				SetLoadedEditorAssemblies (0ms)
				RefreshPlugins (0ms)
				BeforeProcessingInitializeOnLoad (44ms)
				ProcessInitializeOnLoadAttributes (215ms)
				ProcessInitializeOnLoadMethodAttributes (12ms)
				AfterProcessingInitializeOnLoad (1ms)
				EditorAssembliesLoaded (0ms)
			ExecutionOrderSort2 (0ms)
			AwakeInstancesAfterBackupRestoration (3ms)
Platform modules already initialized, skipping
========================================================================
Worker process is ready to serve import requests
Launched and connected shader compiler UnityShaderCompiler.exe after 0.03 seconds
Refreshing native plugins compatible for Editor in 0.53 ms, found 3 plugins.
Preloading 0 native plugins for Editor in 0.00 ms.
Unloading 3083 Unused Serialized files (Serialized files now loaded: 0)
Unloading 24 unused Assets / (113.8 KB). Loaded Objects now: 3546.
Memory consumption went from 110.5 MB to 110.4 MB.
Total: 2.899300 ms (FindLiveObjects: 0.151600 ms CreateObjectMapping: 0.067100 ms MarkObjects: 2.597900 ms  DeleteObjects: 0.081900 ms)

AssetImportParameters requested are different than current active one (requested -> active):
  custom:video-decoder-ogg-theora: a1e56fd34408186e4bbccfd4996cb3dc -> 
  custom:container-muxer-webm: aa71ff27fc2769a1b78a27578f13a17b -> 
  custom:container-demuxer-webm: 4f35f7cbe854078d1ac9338744f61a02 -> 
  custom:video-encoder-webm-vp8: eb34c28f22e8b96e1ab97ce403110664 -> 
  custom:audio-encoder-webm-vorbis: bf7c407c2cedff20999df2af8eb42d56 -> 
  custom:framework-win-MediaFoundation: 216162199b28c13a410421893ffa2e32 -> 
  custom:container-demuxer-ogg: 62fdf1f143b41e24485cea50d1cbac27 -> 
  custom:video-decoder-webm-vp8: 9c59270c3fd7afecdb556c50c9e8de78 -> 
  custom:audio-decoder-ogg-vorbis: bf7c407c2cedff20999df2af8eb42d56 -> 
========================================================================
Received Import Request.
  Time since last request: 95009.611609 seconds.
  path: Assets/Prefabs/InventoryButton.prefab
  artifactKey: Guid(f4874f0c75daf80438d8c5e2b0526f33) Importer(815301076,1909f56bfc062723c751e8b465ee728b)
Start importing Assets/Prefabs/InventoryButton.prefab using Guid(f4874f0c75daf80438d8c5e2b0526f33) Importer(815301076,1909f56bfc062723c751e8b465ee728b)  -> (artifact id: 'f5343e030f69bafb6cbf18bb68fbef05') in 0.053878 seconds 
========================================================================
Received Import Request.
  Time since last request: 6.841281 seconds.
  path: Assets/PolygonDungeon/Materials/Dungeon_Material_01.mat
  artifactKey: Guid(42b64fdb315e3054ea757d8d1c4bcfa7) Importer(815301076,1909f56bfc062723c751e8b465ee728b)
Start importing Assets/PolygonDungeon/Materials/Dungeon_Material_01.mat using Guid(42b64fdb315e3054ea757d8d1c4bcfa7) Importer(815301076,1909f56bfc062723c751e8b465ee728b)  -> (artifact id: 'dc3303745373584bbabb8b57214f7c94') in 0.208972 seconds 
========================================================================
Received Import Request.
  Time since last request: 8.554300 seconds.
  path: Assets/PolygonDungeon/Models/Characters.fbx
  artifactKey: Guid(b69174d668ba02d44b14a084b217670a) Importer(815301076,1909f56bfc062723c751e8b465ee728b)
Start importing Assets/PolygonDungeon/Models/Characters.fbx using Guid(b69174d668ba02d44b14a084b217670a) Importer(815301076,1909f56bfc062723c751e8b465ee728b)  -> (artifact id: '8a41c0a6ad1185d2a89417580ff754c4') in 0.271114 seconds 
========================================================================
Received Import Request.
  Time since last request: 11.699018 seconds.
  path: Assets/My Production Line/Raven Multiplayer Online Battle Arena UI/Sliced/Artifact Store/Player Inventory/gold.png
  artifactKey: Guid(b034d36ed06d01a4d933d01f3c353053) Importer(815301076,1909f56bfc062723c751e8b465ee728b)
Start importing Assets/My Production Line/Raven Multiplayer Online Battle Arena UI/Sliced/Artifact Store/Player Inventory/gold.png using Guid(b034d36ed06d01a4d933d01f3c353053) Importer(815301076,1909f56bfc062723c751e8b465ee728b)  -> (artifact id: '31d5420c9524c5bfac5ccafa88eeb1a8') in 0.025695 seconds 
========================================================================
Received Import Request.
  Time since last request: 0.000015 seconds.
  path: Assets/My Production Line/Raven Multiplayer Online Battle Arena UI/Sliced/Artifact Store/Player Inventory/inv_button_p.png
  artifactKey: Guid(825c882ea8f3c41499ea5239b9f33635) Importer(815301076,1909f56bfc062723c751e8b465ee728b)
Start importing Assets/My Production Line/Raven Multiplayer Online Battle Arena UI/Sliced/Artifact Store/Player Inventory/inv_button_p.png using Guid(825c882ea8f3c41499ea5239b9f33635) Importer(815301076,1909f56bfc062723c751e8b465ee728b)  -> (artifact id: 'aea8637a159f60a53814767a904b18ca') in 0.030166 seconds 
========================================================================
Received Import Request.
  Time since last request: 0.466800 seconds.
  path: Assets/My Production Line/Raven Multiplayer Online Battle Arena UI/Sliced/Artifact Store/Section Selected Item/buttonbuy_h.png
  artifactKey: Guid(6bc49eb3672535a44beeeb43f85e12a4) Importer(815301076,1909f56bfc062723c751e8b465ee728b)
Start importing Assets/My Production Line/Raven Multiplayer Online Battle Arena UI/Sliced/Artifact Store/Section Selected Item/buttonbuy_h.png using Guid(6bc49eb3672535a44beeeb43f85e12a4) Importer(815301076,1909f56bfc062723c751e8b465ee728b)  -> (artifact id: '64749ba9cb19e5f46fea2774fb813978') in 0.015812 seconds 
========================================================================
Received Import Request.
  Time since last request: 0.564166 seconds.
  path: Assets/My Production Line/Raven Multiplayer Online Battle Arena UI/Fonts/Altrashed Broken/ALTRASHED-broken SDF.asset
  artifactKey: Guid(5f79a9c2fa6c126408df7d445ba95989) Importer(815301076,1909f56bfc062723c751e8b465ee728b)
Start importing Assets/My Production Line/Raven Multiplayer Online Battle Arena UI/Fonts/Altrashed Broken/ALTRASHED-broken SDF.asset using Guid(5f79a9c2fa6c126408df7d445ba95989) Importer(815301076,1909f56bfc062723c751e8b465ee728b)  -> (artifact id: 'f7e76a7e39bd15130fc74783caa37688') in 0.023393 seconds 
========================================================================
Received Import Request.
  Time since last request: 2.815060 seconds.
  path: Assets/Materials/BlackPanel_Mat.mat
  artifactKey: Guid(1a28d2b80b68ff146ac4fcbe293733fa) Importer(815301076,1909f56bfc062723c751e8b465ee728b)
Start importing Assets/Materials/BlackPanel_Mat.mat using Guid(1a28d2b80b68ff146ac4fcbe293733fa) Importer(815301076,1909f56bfc062723c751e8b465ee728b)  -> (artifact id: '6aeb1758b4d7ca6c15a2395c13f0070e') in 0.009404 seconds 
========================================================================
Received Import Request.
  Time since last request: 3.048290 seconds.
  path: Assets/Items/Equipment/Armour/Armour.asset
  artifactKey: Guid(48f7f3a562677d749bb83ef72cb32441) Importer(815301076,1909f56bfc062723c751e8b465ee728b)
Start importing Assets/Items/Equipment/Armour/Armour.asset using Guid(48f7f3a562677d749bb83ef72cb32441) Importer(815301076,1909f56bfc062723c751e8b465ee728b)  -> (artifact id: '19e0b35ef03b33865c89206acd824272') in 0.007091 seconds 
========================================================================
Received Import Request.
  Time since last request: 2.563109 seconds.
  path: Assets/Items/Equipment/Weapons/ExpensiveStaff.asset
  artifactKey: Guid(e2a92892ab978a64ba53d4d83be7320f) Importer(815301076,1909f56bfc062723c751e8b465ee728b)
Start importing Assets/Items/Equipment/Weapons/ExpensiveStaff.asset using Guid(e2a92892ab978a64ba53d4d83be7320f) Importer(815301076,1909f56bfc062723c751e8b465ee728b)  -> (artifact id: 'c9ebe9bac7d11f8b9c4129b27f17cbf8') in 0.008289 seconds 
========================================================================
Received Import Request.
  Time since last request: 34.620106 seconds.
  path: Assets/Items/Potions/Health potion.asset
  artifactKey: Guid(4c44f93702af2574f992363547598ffd) Importer(815301076,1909f56bfc062723c751e8b465ee728b)
Start importing Assets/Items/Potions/Health potion.asset using Guid(4c44f93702af2574f992363547598ffd) Importer(815301076,1909f56bfc062723c751e8b465ee728b)  -> (artifact id: 'aa20366a8b8591a28d7b585f8797c5ee') in 0.007819 seconds 
========================================================================
Received Import Request.
  Time since last request: 2.091515 seconds.
  path: Assets/Items/Resources/Gem.asset
  artifactKey: Guid(0c66552b8e8e098438032ee3346cd61f) Importer(815301076,1909f56bfc062723c751e8b465ee728b)
Start importing Assets/Items/Resources/Gem.asset using Guid(0c66552b8e8e098438032ee3346cd61f) Importer(815301076,1909f56bfc062723c751e8b465ee728b)  -> (artifact id: '8c47a104d8f90aade509f20e0687f778') in 0.007080 seconds 
========================================================================
Received Import Request.
  Time since last request: 8.407271 seconds.
  path: Assets/PolygonDungeon/Prefabs/Weapons/SM_Wep_Crystal_DoubleSword_01.prefab
  artifactKey: Guid(6d137d44990918a48bfc447d3dda3796) Importer(815301076,1909f56bfc062723c751e8b465ee728b)
Start importing Assets/PolygonDungeon/Prefabs/Weapons/SM_Wep_Crystal_DoubleSword_01.prefab using Guid(6d137d44990918a48bfc447d3dda3796) Importer(815301076,1909f56bfc062723c751e8b465ee728b)  -> (artifact id: 'abf081a7761a4ca9e96adb2d5a165499') in 0.015226 seconds 
========================================================================
Received Import Request.
  Time since last request: 0.000019 seconds.
  path: Assets/PolygonDungeon/Prefabs/Weapons/SM_Wep_Shield_Bone_01.prefab
  artifactKey: Guid(6db95b51172c2bf44bf5b975704c213f) Importer(815301076,1909f56bfc062723c751e8b465ee728b)
Start importing Assets/PolygonDungeon/Prefabs/Weapons/SM_Wep_Shield_Bone_01.prefab using Guid(6db95b51172c2bf44bf5b975704c213f) Importer(815301076,1909f56bfc062723c751e8b465ee728b)  -> (artifact id: 'ccc865c25d9862fcd663125d0466dfa9') in 0.020218 seconds 
========================================================================
Received Import Request.
  Time since last request: 5.415052 seconds.
  path: Assets/PolygonDungeon/Prefabs/Characters/Character_Hero_Knight_Male.prefab
  artifactKey: Guid(880858dfd9b1e784e89d45242bf78d2b) Importer(815301076,1909f56bfc062723c751e8b465ee728b)
Start importing Assets/PolygonDungeon/Prefabs/Characters/Character_Hero_Knight_Male.prefab using Guid(880858dfd9b1e784e89d45242bf78d2b) Importer(815301076,1909f56bfc062723c751e8b465ee728b)  -> (artifact id: 'dbea352f21876ca4eacd232d8ae04808') in 0.064652 seconds 
========================================================================
Received Import Request.
  Time since last request: 48.901404 seconds.
  path: Assets/PolygonDungeon/Prefabs/Weapons/SM_Wep_Axe_01.prefab
  artifactKey: Guid(bcaaef6ff4b03be43871886bf6d918eb) Importer(815301076,1909f56bfc062723c751e8b465ee728b)
Start importing Assets/PolygonDungeon/Prefabs/Weapons/SM_Wep_Axe_01.prefab using Guid(bcaaef6ff4b03be43871886bf6d918eb) Importer(815301076,1909f56bfc062723c751e8b465ee728b)  -> (artifact id: 'e33c1f950bfb064f23c32c09b6c7526f') in 0.030153 seconds 
========================================================================
Received Import Request.
  Time since last request: 0.000019 seconds.
  path: Assets/PolygonDungeon/Prefabs/Weapons/SM_Wep_Bone_01.prefab
  artifactKey: Guid(e243cdbf40ae09049834a4fdf1876343) Importer(815301076,1909f56bfc062723c751e8b465ee728b)
Start importing Assets/PolygonDungeon/Prefabs/Weapons/SM_Wep_Bone_01.prefab using Guid(e243cdbf40ae09049834a4fdf1876343) Importer(815301076,1909f56bfc062723c751e8b465ee728b)  -> (artifact id: 'cd8a492e0e6465b2dbabbcd7a6447ebe') in 0.049566 seconds 
========================================================================
Received Import Request.
  Time since last request: 0.000030 seconds.
  path: Assets/PolygonDungeon/Prefabs/Weapons/SM_Wep_Banner_03.prefab
  artifactKey: Guid(88d488d0436b1f2419d0649eb60e0e1d) Importer(815301076,1909f56bfc062723c751e8b465ee728b)
Start importing Assets/PolygonDungeon/Prefabs/Weapons/SM_Wep_Banner_03.prefab using Guid(88d488d0436b1f2419d0649eb60e0e1d) Importer(815301076,1909f56bfc062723c751e8b465ee728b)  -> (artifact id: 'b872c7600007dac7faff6aea9da3f0d0') in 0.044794 seconds 
========================================================================
Received Import Request.
  Time since last request: 0.000047 seconds.
  path: Assets/PolygonDungeon/Prefabs/Weapons/SM_Wep_Crysta_Halberdl_01.prefab
  artifactKey: Guid(94a16c3d557d2e047944ed7d34d3da9e) Importer(815301076,1909f56bfc062723c751e8b465ee728b)
Start importing Assets/PolygonDungeon/Prefabs/Weapons/SM_Wep_Crysta_Halberdl_01.prefab using Guid(94a16c3d557d2e047944ed7d34d3da9e) Importer(815301076,1909f56bfc062723c751e8b465ee728b)  -> (artifact id: '6cdb5d56868b15df5307c1eb066fb436') in 0.045055 seconds 
========================================================================
Received Import Request.
  Time since last request: 0.760960 seconds.
  path: Assets/PolygonDungeon/Prefabs/Weapons/SM_Wep_Crystal_Axe_01.prefab
  artifactKey: Guid(48610ef49478fca47a49e4e3c55f8c8a) Importer(815301076,1909f56bfc062723c751e8b465ee728b)
Start importing Assets/PolygonDungeon/Prefabs/Weapons/SM_Wep_Crystal_Axe_01.prefab using Guid(48610ef49478fca47a49e4e3c55f8c8a) Importer(815301076,1909f56bfc062723c751e8b465ee728b)  -> (artifact id: '72458ba10dd4dad93b8e2bfe461293d1') in 0.014441 seconds 
========================================================================
Received Import Request.
  Time since last request: 0.008917 seconds.
  path: Assets/PolygonDungeon/Prefabs/Weapons/SM_Wep_Crystal_Axe_Large_01.prefab
  artifactKey: Guid(82ce4bcb79be5944dbf01c15d37b74b7) Importer(815301076,1909f56bfc062723c751e8b465ee728b)
Start importing Assets/PolygonDungeon/Prefabs/Weapons/SM_Wep_Crystal_Axe_Large_01.prefab using Guid(82ce4bcb79be5944dbf01c15d37b74b7) Importer(815301076,1909f56bfc062723c751e8b465ee728b)  -> (artifact id: 'f2ab14e6ad0c3696422ddeab1a173839') in 0.013629 seconds 
========================================================================
Received Import Request.
  Time since last request: 0.016595 seconds.
  path: Assets/PolygonDungeon/Prefabs/Weapons/SM_Wep_Cutlass_01.prefab
  artifactKey: Guid(9695911e504498140aa7aeea19670d11) Importer(815301076,1909f56bfc062723c751e8b465ee728b)
Start importing Assets/PolygonDungeon/Prefabs/Weapons/SM_Wep_Cutlass_01.prefab using Guid(9695911e504498140aa7aeea19670d11) Importer(815301076,1909f56bfc062723c751e8b465ee728b)  -> (artifact id: 'a610ba82bb60d6fd1af114904e0fd3bf') in 0.038244 seconds 
========================================================================
Received Import Request.
  Time since last request: 0.139311 seconds.
  path: Assets/PolygonDungeon/Prefabs/Weapons/SM_Wep_Goblin_Axe_01.prefab
  artifactKey: Guid(9119d186ed5f8824da8756f69a439a82) Importer(815301076,1909f56bfc062723c751e8b465ee728b)
Start importing Assets/PolygonDungeon/Prefabs/Weapons/SM_Wep_Goblin_Axe_01.prefab using Guid(9119d186ed5f8824da8756f69a439a82) Importer(815301076,1909f56bfc062723c751e8b465ee728b)  -> (artifact id: '29477102d40f314a9e3cd76742c020d5') in 0.015386 seconds 
========================================================================
Received Import Request.
  Time since last request: 0.009804 seconds.
  path: Assets/PolygonDungeon/Prefabs/Weapons/SM_Wep_Goblin_Axe_Spikes_01.prefab
  artifactKey: Guid(48a47585ce7445a45be25cba3537114e) Importer(815301076,1909f56bfc062723c751e8b465ee728b)
Start importing Assets/PolygonDungeon/Prefabs/Weapons/SM_Wep_Goblin_Axe_Spikes_01.prefab using Guid(48a47585ce7445a45be25cba3537114e) Importer(815301076,1909f56bfc062723c751e8b465ee728b)  -> (artifact id: '8d62d06dcaeb9fc3e5e6a074b9b2c522') in 0.014567 seconds 
========================================================================
Received Import Request.
  Time since last request: 0.173593 seconds.
  path: Assets/PolygonDungeon/Prefabs/Weapons/SM_Wep_Goblin_Club_01.prefab
  artifactKey: Guid(cf3a5c2462d00ed4c9ee956b9a48e0b8) Importer(815301076,1909f56bfc062723c751e8b465ee728b)
Start importing Assets/PolygonDungeon/Prefabs/Weapons/SM_Wep_Goblin_Club_01.prefab using Guid(cf3a5c2462d00ed4c9ee956b9a48e0b8) Importer(815301076,1909f56bfc062723c751e8b465ee728b)  -> (artifact id: 'dc92482208c17faaba465f2e40130474') in 0.015333 seconds 
========================================================================
Received Import Request.
  Time since last request: 0.001102 seconds.
  path: Assets/PolygonDungeon/Prefabs/Weapons/SM_Wep_Goblin_Halberd_01.prefab
  artifactKey: Guid(3ceded547f62c964cb227472f2bc1146) Importer(815301076,1909f56bfc062723c751e8b465ee728b)
Start importing Assets/PolygonDungeon/Prefabs/Weapons/SM_Wep_Goblin_Halberd_01.prefab using Guid(3ceded547f62c964cb227472f2bc1146) Importer(815301076,1909f56bfc062723c751e8b465ee728b)  -> (artifact id: '50272854c688b51be6469b37dc43d871') in 0.016200 seconds 
========================================================================
Received Import Request.
  Time since last request: 0.005991 seconds.
  path: Assets/PolygonDungeon/Prefabs/Weapons/SM_Wep_Goblin_Machete_01.prefab
  artifactKey: Guid(34576738923b14941a286d5fc7d3c9f6) Importer(815301076,1909f56bfc062723c751e8b465ee728b)
Start importing Assets/PolygonDungeon/Prefabs/Weapons/SM_Wep_Goblin_Machete_01.prefab using Guid(34576738923b14941a286d5fc7d3c9f6) Importer(815301076,1909f56bfc062723c751e8b465ee728b)  -> (artifact id: 'bfe611f747d584e7e939d2aa5cadde59') in 0.014686 seconds 
========================================================================
Received Import Request.
  Time since last request: 0.175656 seconds.
  path: Assets/PolygonDungeon/Prefabs/Weapons/SM_Wep_Goblin_Machete_Spikes_01.prefab
  artifactKey: Guid(3d9fbbf00316ffc4485e2dc40e59aa93) Importer(815301076,1909f56bfc062723c751e8b465ee728b)
Start importing Assets/PolygonDungeon/Prefabs/Weapons/SM_Wep_Goblin_Machete_Spikes_01.prefab using Guid(3d9fbbf00316ffc4485e2dc40e59aa93) Importer(815301076,1909f56bfc062723c751e8b465ee728b)  -> (artifact id: '15f1da1c4ddc1ddebbc7a450c819adf7') in 0.014035 seconds 
========================================================================
Received Import Request.
  Time since last request: 0.022416 seconds.
  path: Assets/PolygonDungeon/Prefabs/Weapons/SM_Wep_Goblin_Shiv_Stone_01.prefab
  artifactKey: Guid(d6675a7e4e281ed4a8d05189c67a52d2) Importer(815301076,1909f56bfc062723c751e8b465ee728b)
Start importing Assets/PolygonDungeon/Prefabs/Weapons/SM_Wep_Goblin_Shiv_Stone_01.prefab using Guid(d6675a7e4e281ed4a8d05189c67a52d2) Importer(815301076,1909f56bfc062723c751e8b465ee728b)  -> (artifact id: 'c486fe43006d4436aa03abf1775ad635') in 0.013534 seconds 
========================================================================
Received Import Request.
  Time since last request: 0.017673 seconds.
  path: Assets/PolygonDungeon/Prefabs/Weapons/SM_Wep_Goblin_Staff_01.prefab
  artifactKey: Guid(3e567880dba875d4fbc7834ca7f5b289) Importer(815301076,1909f56bfc062723c751e8b465ee728b)
Start importing Assets/PolygonDungeon/Prefabs/Weapons/SM_Wep_Goblin_Staff_01.prefab using Guid(3e567880dba875d4fbc7834ca7f5b289) Importer(815301076,1909f56bfc062723c751e8b465ee728b)  -> (artifact id: '27f6cb9e092b99da7e4fd7316a1ba6ec') in 0.013784 seconds 
========================================================================
Received Import Request.
  Time since last request: 37.587627 seconds.
  path: Assets/PolygonDungeon/Models/SM_Env_Stairs_Broken_02.fbx
  artifactKey: Guid(a0aff1d7374549e45aa017bf6a5fbecd) Importer(815301076,1909f56bfc062723c751e8b465ee728b)
Start importing Assets/PolygonDungeon/Models/SM_Env_Stairs_Broken_02.fbx using Guid(a0aff1d7374549e45aa017bf6a5fbecd) Importer(815301076,1909f56bfc062723c751e8b465ee728b)  -> (artifact id: '4cb00a96210b27a7adcf35b1e03d1e34') in 0.023329 seconds 
========================================================================
Received Import Request.
  Time since last request: 0.000019 seconds.
  path: Assets/PolygonDungeon/Models/SM_Wep_Axe_Rune_01.fbx
  artifactKey: Guid(67f186f40f9105943a5a148f756a8bb7) Importer(815301076,1909f56bfc062723c751e8b465ee728b)
Start importing Assets/PolygonDungeon/Models/SM_Wep_Axe_Rune_01.fbx using Guid(67f186f40f9105943a5a148f756a8bb7) Importer(815301076,1909f56bfc062723c751e8b465ee728b)  -> (artifact id: '6d55584910248cbe94781e9c1515ee4a') in 0.022191 seconds 
Editor requested this worker to shutdown with reason: Scaling down because of idle timeout
AssetImportWorker is now disconnected from the server
Process exiting
Exiting without the bug reporter. Application will terminate with return code 0