Using pre-set license
Built from '2021.3/staging' branch; Version is '2021.3.21f1 (1b156197d683) revision 1774945'; Using compiler version '192829333'; Build Type 'Release'
OS: 'Windows 11  (10.0.22000) 64bit Professional' Language: 'es' Physical Memory: 32559 MB
BatchMode: 1, IsHumanControllingUs: 0, StartBugReporterOnCrash: 0, Is64bit: 1, IsPro: 1

COMMAND LINE ARGUMENTS:
G:\Unity\Hub\Editor\2021.3.21f1\Editor\Unity.exe
-adb2
-batchMode
-noUpm
-name
AssetImportWorker0
-projectPath
D:/Documentos/ProyectosUnity/InventorySonsOfABit/Inventory/Inventory
-logFile
Logs/AssetImportWorker0.log
-srvPort
58470
Successfully changed project path to: D:/Documentos/ProyectosUnity/InventorySonsOfABit/Inventory/Inventory
D:/Documentos/ProyectosUnity/InventorySonsOfABit/Inventory/Inventory
[UnityMemory] Configuration Parameters - Can be set up in boot.config
    "memorysetup-bucket-allocator-granularity=16"
    "memorysetup-bucket-allocator-bucket-count=8"
    "memorysetup-bucket-allocator-block-size=33554432"
    "memorysetup-bucket-allocator-block-count=8"
    "memorysetup-main-allocator-block-size=16777216"
    "memorysetup-thread-allocator-block-size=16777216"
    "memorysetup-gfx-main-allocator-block-size=16777216"
    "memorysetup-gfx-thread-allocator-block-size=16777216"
    "memorysetup-cache-allocator-block-size=4194304"
    "memorysetup-typetree-allocator-block-size=2097152"
    "memorysetup-profiler-bucket-allocator-granularity=16"
    "memorysetup-profiler-bucket-allocator-bucket-count=8"
    "memorysetup-profiler-bucket-allocator-block-size=33554432"
    "memorysetup-profiler-bucket-allocator-block-count=8"
    "memorysetup-profiler-allocator-block-size=16777216"
    "memorysetup-profiler-editor-allocator-block-size=1048576"
    "memorysetup-temp-allocator-size-main=16777216"
    "memorysetup-job-temp-allocator-block-size=2097152"
    "memorysetup-job-temp-allocator-block-size-background=1048576"
    "memorysetup-job-temp-allocator-reduction-small-platforms=262144"
    "memorysetup-temp-allocator-size-background-worker=32768"
    "memorysetup-temp-allocator-size-job-worker=262144"
    "memorysetup-temp-allocator-size-preload-manager=33554432"
    "memorysetup-temp-allocator-size-nav-mesh-worker=65536"
    "memorysetup-temp-allocator-size-audio-worker=65536"
    "memorysetup-temp-allocator-size-cloud-worker=32768"
    "memorysetup-temp-allocator-size-gi-baking-worker=262144"
    "memorysetup-temp-allocator-size-gfx=262144"
Player connection [14304] Host "[IP] 192.168.50.153 [Port] 0 [Flags] 2 [Guid] 3488932734 [EditorId] 3488932734 [Version] 1048832 [Id] WindowsEditor(7,Victor-PC) [Debug] 1 [PackageName] WindowsEditor [ProjectName] Editor" joined multi-casting on [225.0.0.222:54997]...

Player connection [14304] Host "[IP] 192.168.50.153 [Port] 0 [Flags] 2 [Guid] 3488932734 [EditorId] 3488932734 [Version] 1048832 [Id] WindowsEditor(7,Victor-PC) [Debug] 1 [PackageName] WindowsEditor [ProjectName] Editor" joined alternative multi-casting on [225.0.0.222:34997]...

Refreshing native plugins compatible for Editor in 48.52 ms, found 3 plugins.
Preloading 0 native plugins for Editor in 0.00 ms.
Initialize engine version: 2021.3.21f1 (1b156197d683)
[Subsystems] Discovering subsystems at path G:/Unity/Hub/Editor/2021.3.21f1/Editor/Data/Resources/UnitySubsystems
[Subsystems] Discovering subsystems at path D:/Documentos/ProyectosUnity/InventorySonsOfABit/Inventory/Inventory/Assets
GfxDevice: creating device client; threaded=0; jobified=0
Direct3D:
    Version:  Direct3D 11.0 [level 11.1]
    Renderer: NVIDIA GeForce RTX 3060 Ti (ID=0x2489)
    Vendor:   NVIDIA
    VRAM:     8038 MB
    Driver:   31.0.15.3623
Initialize mono
Mono path[0] = 'G:/Unity/Hub/Editor/2021.3.21f1/Editor/Data/Managed'
Mono path[1] = 'G:/Unity/Hub/Editor/2021.3.21f1/Editor/Data/MonoBleedingEdge/lib/mono/unityjit-win32'
Mono config path = 'G:/Unity/Hub/Editor/2021.3.21f1/Editor/Data/MonoBleedingEdge/etc'
Using monoOptions --debugger-agent=transport=dt_socket,embedding=1,server=y,suspend=n,address=127.0.0.1:56936
Begin MonoManager ReloadAssembly
Registering precompiled unity dll's ...
Register platform support module: G:/Unity/Hub/Editor/2021.3.21f1/Editor/Data/PlaybackEngines/WebGLSupport/UnityEditor.WebGL.Extensions.dll
Register platform support module: G:/Unity/Hub/Editor/2021.3.21f1/Editor/Data/PlaybackEngines/AndroidPlayer/UnityEditor.Android.Extensions.dll
Register platform support module: G:/Unity/Hub/Editor/2021.3.21f1/Editor/Data/PlaybackEngines/WindowsStandaloneSupport/UnityEditor.WindowsStandalone.Extensions.dll
Register platform support module: G:/Unity/Hub/Editor/2021.3.21f1/Editor/Data/PlaybackEngines/MetroSupport/UnityEditor.UWP.Extensions.dll
Registered in 0.001765 seconds.
Native extension for UWP target not found
Native extension for WindowsStandalone target not found
Native extension for Android target not found
Android Extension - Scanning For ADB Devices 163 ms
Native extension for WebGL target not found
Refreshing native plugins compatible for Editor in 47.61 ms, found 3 plugins.
Preloading 0 native plugins for Editor in 0.00 ms.
Mono: successfully reloaded assembly
- Completed reload, in  0.562 seconds
Domain Reload Profiling:
	ReloadAssembly (562ms)
		BeginReloadAssembly (54ms)
			ExecutionOrderSort (0ms)
			DisableScriptedObjects (0ms)
			BackupInstance (0ms)
			ReleaseScriptingObjects (0ms)
			CreateAndSetChildDomain (1ms)
		EndReloadAssembly (451ms)
			LoadAssemblies (53ms)
			RebuildTransferFunctionScriptingTraits (0ms)
			SetupTypeCache (69ms)
			ReleaseScriptCaches (0ms)
			RebuildScriptCaches (16ms)
			SetupLoadedEditorAssemblies (336ms)
				LogAssemblyErrors (0ms)
				InitializePlatformSupportModulesInManaged (213ms)
				SetLoadedEditorAssemblies (0ms)
				RefreshPlugins (48ms)
				BeforeProcessingInitializeOnLoad (1ms)
				ProcessInitializeOnLoadAttributes (51ms)
				ProcessInitializeOnLoadMethodAttributes (24ms)
				AfterProcessingInitializeOnLoad (0ms)
				EditorAssembliesLoaded (0ms)
			ExecutionOrderSort2 (0ms)
			AwakeInstancesAfterBackupRestoration (0ms)
Platform modules already initialized, skipping
Registering precompiled user dll's ...
Registered in 0.002246 seconds.
Begin MonoManager ReloadAssembly
Symbol file LoadedFromMemory doesn't match image D:\Documentos\ProyectosUnity\InventorySonsOfABit\Inventory\Inventory\Library\PackageCache\com.unity.visualscripting@1.8.0\Editor\VisualScripting.Core\Dependencies\YamlDotNet\Unity.VisualScripting.YamlDotNet.dll
Symbol file LoadedFromMemory doesn't match image D:\Documentos\ProyectosUnity\InventorySonsOfABit\Inventory\Inventory\Library\PackageCache\com.unity.visualscripting@1.8.0\Editor\VisualScripting.Core\Dependencies\DotNetZip\Unity.VisualScripting.IonicZip.dll
Native extension for UWP target not found
Native extension for WindowsStandalone target not found
Native extension for Android target not found
Native extension for WebGL target not found
Refreshing native plugins compatible for Editor in 0.36 ms, found 3 plugins.
Preloading 0 native plugins for Editor in 0.00 ms.
Mono: successfully reloaded assembly
- Completed reload, in  0.679 seconds
Domain Reload Profiling:
	ReloadAssembly (679ms)
		BeginReloadAssembly (63ms)
			ExecutionOrderSort (0ms)
			DisableScriptedObjects (3ms)
			BackupInstance (0ms)
			ReleaseScriptingObjects (0ms)
			CreateAndSetChildDomain (12ms)
		EndReloadAssembly (559ms)
			LoadAssemblies (50ms)
			RebuildTransferFunctionScriptingTraits (0ms)
			SetupTypeCache (147ms)
			ReleaseScriptCaches (0ms)
			RebuildScriptCaches (28ms)
			SetupLoadedEditorAssemblies (304ms)
				LogAssemblyErrors (0ms)
				InitializePlatformSupportModulesInManaged (10ms)
				SetLoadedEditorAssemblies (0ms)
				RefreshPlugins (0ms)
				BeforeProcessingInitializeOnLoad (49ms)
				ProcessInitializeOnLoadAttributes (231ms)
				ProcessInitializeOnLoadMethodAttributes (12ms)
				AfterProcessingInitializeOnLoad (1ms)
				EditorAssembliesLoaded (0ms)
			ExecutionOrderSort2 (0ms)
			AwakeInstancesAfterBackupRestoration (3ms)
Platform modules already initialized, skipping
========================================================================
Worker process is ready to serve import requests
Launched and connected shader compiler UnityShaderCompiler.exe after 0.03 seconds
Refreshing native plugins compatible for Editor in 0.33 ms, found 3 plugins.
Preloading 0 native plugins for Editor in 0.00 ms.
Unloading 3072 Unused Serialized files (Serialized files now loaded: 0)
Unloading 24 unused Assets / (113.4 KB). Loaded Objects now: 3534.
Memory consumption went from 108.5 MB to 108.4 MB.
Total: 2.194600 ms (FindLiveObjects: 0.144100 ms CreateObjectMapping: 0.059000 ms MarkObjects: 1.922900 ms  DeleteObjects: 0.067700 ms)

AssetImportParameters requested are different than current active one (requested -> active):
  custom:video-decoder-ogg-theora: a1e56fd34408186e4bbccfd4996cb3dc -> 
  custom:container-muxer-webm: aa71ff27fc2769a1b78a27578f13a17b -> 
  custom:container-demuxer-webm: 4f35f7cbe854078d1ac9338744f61a02 -> 
  custom:video-encoder-webm-vp8: eb34c28f22e8b96e1ab97ce403110664 -> 
  custom:audio-encoder-webm-vorbis: bf7c407c2cedff20999df2af8eb42d56 -> 
  custom:framework-win-MediaFoundation: 216162199b28c13a410421893ffa2e32 -> 
  custom:container-demuxer-ogg: 62fdf1f143b41e24485cea50d1cbac27 -> 
  custom:video-decoder-webm-vp8: 9c59270c3fd7afecdb556c50c9e8de78 -> 
  custom:audio-decoder-ogg-vorbis: bf7c407c2cedff20999df2af8eb42d56 -> 
========================================================================
Received Import Request.
  Time since last request: 94918.097029 seconds.
  path: Assets/Scenes/InventoryScene.unity
  artifactKey: Guid(1eed236c42390d448b022a42783b55f5) Importer(815301076,1909f56bfc062723c751e8b465ee728b)
Start importing Assets/Scenes/InventoryScene.unity using Guid(1eed236c42390d448b022a42783b55f5) Importer(815301076,1909f56bfc062723c751e8b465ee728b)  -> (artifact id: 'dbb34be95ab9f663130bd85066a94046') in 0.009434 seconds 
========================================================================
Received Import Request.
  Time since last request: 3.393350 seconds.
  path: Assets/Scenes/SampleScene.unity
  artifactKey: Guid(9fc0d4010bbf28b4594072e72b8655ab) Importer(815301076,1909f56bfc062723c751e8b465ee728b)
Start importing Assets/Scenes/SampleScene.unity using Guid(9fc0d4010bbf28b4594072e72b8655ab) Importer(815301076,1909f56bfc062723c751e8b465ee728b)  -> (artifact id: 'e55ccaa32d8e5c1de03c07a5412c8c3c') in 0.006831 seconds 
========================================================================
Received Prepare
Registering precompiled user dll's ...
Registered in 0.002304 seconds.
Begin MonoManager ReloadAssembly
Symbol file LoadedFromMemory doesn't match image D:\Documentos\ProyectosUnity\InventorySonsOfABit\Inventory\Inventory\Library\PackageCache\com.unity.visualscripting@1.8.0\Editor\VisualScripting.Core\Dependencies\YamlDotNet\Unity.VisualScripting.YamlDotNet.dll
Symbol file LoadedFromMemory doesn't match image D:\Documentos\ProyectosUnity\InventorySonsOfABit\Inventory\Inventory\Library\PackageCache\com.unity.visualscripting@1.8.0\Editor\VisualScripting.Core\Dependencies\DotNetZip\Unity.VisualScripting.IonicZip.dll
Native extension for UWP target not found
Native extension for WindowsStandalone target not found
Native extension for Android target not found
Native extension for WebGL target not found
Refreshing native plugins compatible for Editor in 0.33 ms, found 3 plugins.
Preloading 0 native plugins for Editor in 0.00 ms.
Mono: successfully reloaded assembly
- Completed reload, in  0.689 seconds
Domain Reload Profiling:
	ReloadAssembly (689ms)
		BeginReloadAssembly (89ms)
			ExecutionOrderSort (0ms)
			DisableScriptedObjects (3ms)
			BackupInstance (0ms)
			ReleaseScriptingObjects (0ms)
			CreateAndSetChildDomain (24ms)
		EndReloadAssembly (538ms)
			LoadAssemblies (58ms)
			RebuildTransferFunctionScriptingTraits (0ms)
			SetupTypeCache (157ms)
			ReleaseScriptCaches (1ms)
			RebuildScriptCaches (29ms)
			SetupLoadedEditorAssemblies (262ms)
				LogAssemblyErrors (0ms)
				InitializePlatformSupportModulesInManaged (11ms)
				SetLoadedEditorAssemblies (0ms)
				RefreshPlugins (0ms)
				BeforeProcessingInitializeOnLoad (30ms)
				ProcessInitializeOnLoadAttributes (208ms)
				ProcessInitializeOnLoadMethodAttributes (11ms)
				AfterProcessingInitializeOnLoad (1ms)
				EditorAssembliesLoaded (0ms)
			ExecutionOrderSort2 (0ms)
			AwakeInstancesAfterBackupRestoration (3ms)
Platform modules already initialized, skipping
Refreshing native plugins compatible for Editor in 1.40 ms, found 3 plugins.
Preloading 0 native plugins for Editor in 0.00 ms.
Unloading 3076 Unused Serialized files (Serialized files now loaded: 0)
Unloading 28 unused Assets / (0.6 MB). Loaded Objects now: 3537.
Memory consumption went from 110.0 MB to 109.3 MB.
Total: 2.248400 ms (FindLiveObjects: 0.263200 ms CreateObjectMapping: 0.056800 ms MarkObjects: 1.736200 ms  DeleteObjects: 0.191500 ms)

AssetImportParameters requested are different than current active one (requested -> active):
  custom:video-decoder-ogg-theora: a1e56fd34408186e4bbccfd4996cb3dc -> 
  custom:container-muxer-webm: aa71ff27fc2769a1b78a27578f13a17b -> 
  custom:container-demuxer-webm: 4f35f7cbe854078d1ac9338744f61a02 -> 
  custom:video-encoder-webm-vp8: eb34c28f22e8b96e1ab97ce403110664 -> 
  custom:audio-encoder-webm-vorbis: bf7c407c2cedff20999df2af8eb42d56 -> 
  custom:framework-win-MediaFoundation: 216162199b28c13a410421893ffa2e32 -> 
  custom:container-demuxer-ogg: 62fdf1f143b41e24485cea50d1cbac27 -> 
  custom:video-decoder-webm-vp8: 9c59270c3fd7afecdb556c50c9e8de78 -> 
  custom:audio-decoder-ogg-vorbis: bf7c407c2cedff20999df2af8eb42d56 -> 
========================================================================
Received Prepare
Registering precompiled user dll's ...
Registered in 0.002071 seconds.
Begin MonoManager ReloadAssembly
Symbol file LoadedFromMemory doesn't match image D:\Documentos\ProyectosUnity\InventorySonsOfABit\Inventory\Inventory\Library\PackageCache\com.unity.visualscripting@1.8.0\Editor\VisualScripting.Core\Dependencies\YamlDotNet\Unity.VisualScripting.YamlDotNet.dll
Symbol file LoadedFromMemory doesn't match image D:\Documentos\ProyectosUnity\InventorySonsOfABit\Inventory\Inventory\Library\PackageCache\com.unity.visualscripting@1.8.0\Editor\VisualScripting.Core\Dependencies\DotNetZip\Unity.VisualScripting.IonicZip.dll
Native extension for UWP target not found
Native extension for WindowsStandalone target not found
Native extension for Android target not found
Native extension for WebGL target not found
Refreshing native plugins compatible for Editor in 0.35 ms, found 3 plugins.
Preloading 0 native plugins for Editor in 0.00 ms.
Mono: successfully reloaded assembly
- Completed reload, in  0.652 seconds
Domain Reload Profiling:
	ReloadAssembly (653ms)
		BeginReloadAssembly (84ms)
			ExecutionOrderSort (0ms)
			DisableScriptedObjects (3ms)
			BackupInstance (0ms)
			ReleaseScriptingObjects (0ms)
			CreateAndSetChildDomain (23ms)
		EndReloadAssembly (520ms)
			LoadAssemblies (53ms)
			RebuildTransferFunctionScriptingTraits (0ms)
			SetupTypeCache (143ms)
			ReleaseScriptCaches (1ms)
			RebuildScriptCaches (21ms)
			SetupLoadedEditorAssemblies (262ms)
				LogAssemblyErrors (0ms)
				InitializePlatformSupportModulesInManaged (11ms)
				SetLoadedEditorAssemblies (0ms)
				RefreshPlugins (0ms)
				BeforeProcessingInitializeOnLoad (29ms)
				ProcessInitializeOnLoadAttributes (209ms)
				ProcessInitializeOnLoadMethodAttributes (11ms)
				AfterProcessingInitializeOnLoad (1ms)
				EditorAssembliesLoaded (0ms)
			ExecutionOrderSort2 (0ms)
			AwakeInstancesAfterBackupRestoration (3ms)
Platform modules already initialized, skipping
Refreshing native plugins compatible for Editor in 1.02 ms, found 3 plugins.
Preloading 0 native plugins for Editor in 0.00 ms.
Unloading 3076 Unused Serialized files (Serialized files now loaded: 0)
Unloading 28 unused Assets / (0.6 MB). Loaded Objects now: 3540.
Memory consumption went from 110.0 MB to 109.4 MB.
Total: 2.136800 ms (FindLiveObjects: 0.147600 ms CreateObjectMapping: 0.074600 ms MarkObjects: 1.715400 ms  DeleteObjects: 0.198600 ms)

AssetImportParameters requested are different than current active one (requested -> active):
  custom:video-decoder-ogg-theora: a1e56fd34408186e4bbccfd4996cb3dc -> 
  custom:container-muxer-webm: aa71ff27fc2769a1b78a27578f13a17b -> 
  custom:container-demuxer-webm: 4f35f7cbe854078d1ac9338744f61a02 -> 
  custom:video-encoder-webm-vp8: eb34c28f22e8b96e1ab97ce403110664 -> 
  custom:audio-encoder-webm-vorbis: bf7c407c2cedff20999df2af8eb42d56 -> 
  custom:framework-win-MediaFoundation: 216162199b28c13a410421893ffa2e32 -> 
  custom:container-demuxer-ogg: 62fdf1f143b41e24485cea50d1cbac27 -> 
  custom:video-decoder-webm-vp8: 9c59270c3fd7afecdb556c50c9e8de78 -> 
  custom:audio-decoder-ogg-vorbis: bf7c407c2cedff20999df2af8eb42d56 -> 
========================================================================
Received Import Request.
  Time since last request: 40.289762 seconds.
  path: Assets/TextMesh Pro/Resources/TMP Settings.asset
  artifactKey: Guid(3f5b5dff67a942289a9defa416b206f3) Importer(815301076,1909f56bfc062723c751e8b465ee728b)
Start importing Assets/TextMesh Pro/Resources/TMP Settings.asset using Guid(3f5b5dff67a942289a9defa416b206f3) Importer(815301076,1909f56bfc062723c751e8b465ee728b)  -> (artifact id: '7d39d3b365ae06f4a5d582e5614ba55e') in 0.051796 seconds 
========================================================================
Received Import Request.
  Time since last request: 4.338815 seconds.
  path: Assets/TextMesh Pro/Resources/TMP Settings.asset
  artifactKey: Guid(3f5b5dff67a942289a9defa416b206f3) Importer(815301076,1909f56bfc062723c751e8b465ee728b)
Start importing Assets/TextMesh Pro/Resources/TMP Settings.asset using Guid(3f5b5dff67a942289a9defa416b206f3) Importer(815301076,1909f56bfc062723c751e8b465ee728b)  -> (artifact id: 'ef872a0b0457a8ae24400ca618d4b4ed') in 0.012627 seconds 
========================================================================
Received Prepare
Registering precompiled user dll's ...
Registered in 0.002039 seconds.
Begin MonoManager ReloadAssembly
Symbol file LoadedFromMemory doesn't match image D:\Documentos\ProyectosUnity\InventorySonsOfABit\Inventory\Inventory\Library\PackageCache\com.unity.visualscripting@1.8.0\Editor\VisualScripting.Core\Dependencies\YamlDotNet\Unity.VisualScripting.YamlDotNet.dll
Symbol file LoadedFromMemory doesn't match image D:\Documentos\ProyectosUnity\InventorySonsOfABit\Inventory\Inventory\Library\PackageCache\com.unity.visualscripting@1.8.0\Editor\VisualScripting.Core\Dependencies\DotNetZip\Unity.VisualScripting.IonicZip.dll
Native extension for UWP target not found
Native extension for WindowsStandalone target not found
Native extension for Android target not found
Native extension for WebGL target not found
Refreshing native plugins compatible for Editor in 0.33 ms, found 3 plugins.
Preloading 0 native plugins for Editor in 0.00 ms.
Mono: successfully reloaded assembly
- Completed reload, in  0.642 seconds
Domain Reload Profiling:
	ReloadAssembly (643ms)
		BeginReloadAssembly (82ms)
			ExecutionOrderSort (0ms)
			DisableScriptedObjects (3ms)
			BackupInstance (0ms)
			ReleaseScriptingObjects (0ms)
			CreateAndSetChildDomain (22ms)
		EndReloadAssembly (512ms)
			LoadAssemblies (51ms)
			RebuildTransferFunctionScriptingTraits (0ms)
			SetupTypeCache (139ms)
			ReleaseScriptCaches (1ms)
			RebuildScriptCaches (22ms)
			SetupLoadedEditorAssemblies (261ms)
				LogAssemblyErrors (0ms)
				InitializePlatformSupportModulesInManaged (10ms)
				SetLoadedEditorAssemblies (0ms)
				RefreshPlugins (0ms)
				BeforeProcessingInitializeOnLoad (28ms)
				ProcessInitializeOnLoadAttributes (210ms)
				ProcessInitializeOnLoadMethodAttributes (11ms)
				AfterProcessingInitializeOnLoad (1ms)
				EditorAssembliesLoaded (0ms)
			ExecutionOrderSort2 (0ms)
			AwakeInstancesAfterBackupRestoration (3ms)
Platform modules already initialized, skipping
Refreshing native plugins compatible for Editor in 1.48 ms, found 3 plugins.
Preloading 0 native plugins for Editor in 0.00 ms.
Unloading 3076 Unused Serialized files (Serialized files now loaded: 0)
Unloading 28 unused Assets / (0.6 MB). Loaded Objects now: 3544.
Memory consumption went from 110.0 MB to 109.4 MB.
Total: 2.223000 ms (FindLiveObjects: 0.138800 ms CreateObjectMapping: 0.060600 ms MarkObjects: 1.748700 ms  DeleteObjects: 0.274200 ms)

AssetImportParameters requested are different than current active one (requested -> active):
  custom:video-decoder-ogg-theora: a1e56fd34408186e4bbccfd4996cb3dc -> 
  custom:container-muxer-webm: aa71ff27fc2769a1b78a27578f13a17b -> 
  custom:container-demuxer-webm: 4f35f7cbe854078d1ac9338744f61a02 -> 
  custom:video-encoder-webm-vp8: eb34c28f22e8b96e1ab97ce403110664 -> 
  custom:audio-encoder-webm-vorbis: bf7c407c2cedff20999df2af8eb42d56 -> 
  custom:framework-win-MediaFoundation: 216162199b28c13a410421893ffa2e32 -> 
  custom:container-demuxer-ogg: 62fdf1f143b41e24485cea50d1cbac27 -> 
  custom:video-decoder-webm-vp8: 9c59270c3fd7afecdb556c50c9e8de78 -> 
  custom:audio-decoder-ogg-vorbis: bf7c407c2cedff20999df2af8eb42d56 -> 
========================================================================
Received Import Request.
  Time since last request: 40.991917 seconds.
  path: Assets/RPG_inventory_icons/armor.png
  artifactKey: Guid(2f1eaeeaad36ee5469eff7ff158f37ba) Importer(815301076,1909f56bfc062723c751e8b465ee728b)
Start importing Assets/RPG_inventory_icons/armor.png using Guid(2f1eaeeaad36ee5469eff7ff158f37ba) Importer(815301076,1909f56bfc062723c751e8b465ee728b)  -> (artifact id: '55748482e76ff3a9c7b8ffe8bf568ac9') in 0.075485 seconds 
========================================================================
Received Import Request.
  Time since last request: 0.000023 seconds.
  path: Assets/RPG_inventory_icons/shield.png
  artifactKey: Guid(b97c91e8b348f3f4ebdc11f5c82182cd) Importer(815301076,1909f56bfc062723c751e8b465ee728b)
Start importing Assets/RPG_inventory_icons/shield.png using Guid(b97c91e8b348f3f4ebdc11f5c82182cd) Importer(815301076,1909f56bfc062723c751e8b465ee728b)  -> (artifact id: '525ce954f1f6ecdfa8837e9fc6165807') in 0.016665 seconds 
========================================================================
Received Import Request.
  Time since last request: 0.000028 seconds.
  path: Assets/RPG_inventory_icons/hp.png
  artifactKey: Guid(e52ea25af699fd445b7046374f81a5b9) Importer(815301076,1909f56bfc062723c751e8b465ee728b)
Start importing Assets/RPG_inventory_icons/hp.png using Guid(e52ea25af699fd445b7046374f81a5b9) Importer(815301076,1909f56bfc062723c751e8b465ee728b)  -> (artifact id: 'c5583cd32eab5d11d35ff1d623c851fd') in 0.031699 seconds 
========================================================================
Received Import Request.
  Time since last request: 0.000015 seconds.
  path: Assets/RPG_inventory_icons/sword.png
  artifactKey: Guid(5fd50594014b70e48bd6993443d46b32) Importer(815301076,1909f56bfc062723c751e8b465ee728b)
Start importing Assets/RPG_inventory_icons/sword.png using Guid(5fd50594014b70e48bd6993443d46b32) Importer(815301076,1909f56bfc062723c751e8b465ee728b)  -> (artifact id: '7f285166ce49cc59c42d0ff513e012a6') in 0.030449 seconds 
========================================================================
Received Import Request.
  Time since last request: 2.243858 seconds.
  path: Assets/Prefabs/ScrollSpace.prefab
  artifactKey: Guid(2a36b777ae994ad44b16e595dcc55801) Importer(815301076,1909f56bfc062723c751e8b465ee728b)
Start importing Assets/Prefabs/ScrollSpace.prefab using Guid(2a36b777ae994ad44b16e595dcc55801) Importer(815301076,1909f56bfc062723c751e8b465ee728b)  -> (artifact id: '806e958cde23968f3864056d42a4b19d') in 0.013318 seconds 
========================================================================
Received Import Request.
  Time since last request: 6.881904 seconds.
  path: Assets/PolygonDungeon/Materials/Dungeons_Material_Characters_01.mat
  artifactKey: Guid(1a64cf0a23f83924f9debcb452685f6f) Importer(815301076,1909f56bfc062723c751e8b465ee728b)
Start importing Assets/PolygonDungeon/Materials/Dungeons_Material_Characters_01.mat using Guid(1a64cf0a23f83924f9debcb452685f6f) Importer(815301076,1909f56bfc062723c751e8b465ee728b)  -> (artifact id: '441121119bc9585d73dff589eceaea96') in 0.157723 seconds 
========================================================================
Received Import Request.
  Time since last request: 8.605428 seconds.
  path: Assets/PolygonDungeon/Models/SM_Env_CrackedRock_01.fbx
  artifactKey: Guid(4bbb2f057a2e93944a53c3527c9dd94e) Importer(815301076,1909f56bfc062723c751e8b465ee728b)
Start importing Assets/PolygonDungeon/Models/SM_Env_CrackedRock_01.fbx using Guid(4bbb2f057a2e93944a53c3527c9dd94e) Importer(815301076,1909f56bfc062723c751e8b465ee728b)  -> (artifact id: '1ffccecfb22239c1cfefaffcdf92c5ba') in 0.075120 seconds 
========================================================================
Received Import Request.
  Time since last request: 11.895264 seconds.
  path: Assets/My Production Line/Raven Multiplayer Online Battle Arena UI/Sliced/Artifact Store/Player Inventory/inv_button_d.png
  artifactKey: Guid(2b9403bde54a55f4388eb70c98b26aca) Importer(815301076,1909f56bfc062723c751e8b465ee728b)
Start importing Assets/My Production Line/Raven Multiplayer Online Battle Arena UI/Sliced/Artifact Store/Player Inventory/inv_button_d.png using Guid(2b9403bde54a55f4388eb70c98b26aca) Importer(815301076,1909f56bfc062723c751e8b465ee728b)  -> (artifact id: '4d8f4dff5eff12a2d8fd6705dce61dd4') in 0.019267 seconds 
========================================================================
Received Import Request.
  Time since last request: 0.000014 seconds.
  path: Assets/My Production Line/Raven Multiplayer Online Battle Arena UI/Sliced/Artifact Store/Player Inventory/inv_item_normal_frame.png
  artifactKey: Guid(dba787d340b267048936cb0914218528) Importer(815301076,1909f56bfc062723c751e8b465ee728b)
Start importing Assets/My Production Line/Raven Multiplayer Online Battle Arena UI/Sliced/Artifact Store/Player Inventory/inv_item_normal_frame.png using Guid(dba787d340b267048936cb0914218528) Importer(815301076,1909f56bfc062723c751e8b465ee728b)  -> (artifact id: '40896c37480d92e476f7f1cef513b3dc') in 0.029540 seconds 
========================================================================
Received Import Request.
  Time since last request: 1.056672 seconds.
  path: Assets/My Production Line/Raven Multiplayer Online Battle Arena UI/Fonts/Altrashed Broken/ALTRASHED-broken.ttf
  artifactKey: Guid(fdf53827076fd814ea23d669dcd82d65) Importer(815301076,1909f56bfc062723c751e8b465ee728b)
Start importing Assets/My Production Line/Raven Multiplayer Online Battle Arena UI/Fonts/Altrashed Broken/ALTRASHED-broken.ttf using Guid(fdf53827076fd814ea23d669dcd82d65) Importer(815301076,1909f56bfc062723c751e8b465ee728b)  -> (artifact id: '9d9a661eda063d17c1ebe55e95124839') in 0.016450 seconds 
========================================================================
Received Import Request.
  Time since last request: 5.882453 seconds.
  path: Assets/Items/Equipment/Armour/ShieldOfGrace.asset
  artifactKey: Guid(012f06c4da695c642af541f3e75e1ae3) Importer(815301076,1909f56bfc062723c751e8b465ee728b)
Start importing Assets/Items/Equipment/Armour/ShieldOfGrace.asset using Guid(012f06c4da695c642af541f3e75e1ae3) Importer(815301076,1909f56bfc062723c751e8b465ee728b)  -> (artifact id: '93076fa73df02e7cb86137de94af3eaf') in 0.006671 seconds 
========================================================================
Received Import Request.
  Time since last request: 2.563369 seconds.
  path: Assets/Items/Equipment/Weapons/NormalSword.asset
  artifactKey: Guid(1d47c4cc0f241064ebc730aee652652a) Importer(815301076,1909f56bfc062723c751e8b465ee728b)
Start importing Assets/Items/Equipment/Weapons/NormalSword.asset using Guid(1d47c4cc0f241064ebc730aee652652a) Importer(815301076,1909f56bfc062723c751e8b465ee728b)  -> (artifact id: '7268a2e5bd63212a0644695eadde1662') in 0.007871 seconds 
========================================================================
Received Import Request.
  Time since last request: 45.139353 seconds.
  path: Assets/PolygonDungeon/Prefabs/Weapons/SM_Wep_Greatsword_Straight_01.prefab
  artifactKey: Guid(e7196d0541b91bf4f8cab39924cb6d49) Importer(815301076,1909f56bfc062723c751e8b465ee728b)
Start importing Assets/PolygonDungeon/Prefabs/Weapons/SM_Wep_Greatsword_Straight_01.prefab using Guid(e7196d0541b91bf4f8cab39924cb6d49) Importer(815301076,1909f56bfc062723c751e8b465ee728b)  -> (artifact id: 'b4a2dcee1109e73702b6b4c229564dab') in 0.142509 seconds 
========================================================================
Received Import Request.
  Time since last request: 54.282334 seconds.
  path: Assets/PolygonDungeon/Prefabs/Weapons/SM_Wep_Axe_Nature_01.prefab
  artifactKey: Guid(984357422a249c34e96a5e3550b4420b) Importer(815301076,1909f56bfc062723c751e8b465ee728b)
Start importing Assets/PolygonDungeon/Prefabs/Weapons/SM_Wep_Axe_Nature_01.prefab using Guid(984357422a249c34e96a5e3550b4420b) Importer(815301076,1909f56bfc062723c751e8b465ee728b)  -> (artifact id: '1432bfb9dd0ac0dc64a01a0fb23ba710') in 0.033572 seconds 
========================================================================
Received Import Request.
  Time since last request: 0.000025 seconds.
  path: Assets/PolygonDungeon/Prefabs/Weapons/SM_Wep_Banner_04.prefab
  artifactKey: Guid(ff70520d25e17ed4b9c168c849d0ed29) Importer(815301076,1909f56bfc062723c751e8b465ee728b)
Start importing Assets/PolygonDungeon/Prefabs/Weapons/SM_Wep_Banner_04.prefab using Guid(ff70520d25e17ed4b9c168c849d0ed29) Importer(815301076,1909f56bfc062723c751e8b465ee728b)  -> (artifact id: '221c113f6934ff5ea31b2a9ac1c85a4d') in 0.048025 seconds 
========================================================================
Received Import Request.
  Time since last request: 0.000018 seconds.
  path: Assets/PolygonDungeon/Prefabs/Weapons/SM_Wep_Bone_02.prefab
  artifactKey: Guid(b23f7f5a05cd37149a5338efdc88484f) Importer(815301076,1909f56bfc062723c751e8b465ee728b)
Start importing Assets/PolygonDungeon/Prefabs/Weapons/SM_Wep_Bone_02.prefab using Guid(b23f7f5a05cd37149a5338efdc88484f) Importer(815301076,1909f56bfc062723c751e8b465ee728b)  -> (artifact id: '73e8b93364b6fc5ab3499a2e824b589a') in 0.050463 seconds 
========================================================================
Received Import Request.
  Time since last request: 0.000038 seconds.
  path: Assets/PolygonDungeon/Prefabs/Weapons/SM_Wep_Banner_01.prefab
  artifactKey: Guid(b429bb7ae3639b640acea828f986b6ab) Importer(815301076,1909f56bfc062723c751e8b465ee728b)
Start importing Assets/PolygonDungeon/Prefabs/Weapons/SM_Wep_Banner_01.prefab using Guid(b429bb7ae3639b640acea828f986b6ab) Importer(815301076,1909f56bfc062723c751e8b465ee728b)  -> (artifact id: '020d297900ff140cab58601e30964b96') in 0.036405 seconds 
========================================================================
Received Import Request.
  Time since last request: 0.800417 seconds.
  path: Assets/PolygonDungeon/Prefabs/Weapons/SM_Wep_Crystal_Ornate_Straightsword_01.prefab
  artifactKey: Guid(11b84f6e8e1190b46b3d40c72c9fe522) Importer(815301076,1909f56bfc062723c751e8b465ee728b)
Start importing Assets/PolygonDungeon/Prefabs/Weapons/SM_Wep_Crystal_Ornate_Straightsword_01.prefab using Guid(11b84f6e8e1190b46b3d40c72c9fe522) Importer(815301076,1909f56bfc062723c751e8b465ee728b)  -> (artifact id: '5c4f8a2d9e4546bb7fd819c3d82e4717') in 0.015910 seconds 
========================================================================
Received Import Request.
  Time since last request: 0.189150 seconds.
  path: Assets/PolygonDungeon/Prefabs/Weapons/SM_Wep_Goblin_Axe_Large_01.prefab
  artifactKey: Guid(5840d6af3b225554a806309ac5f08f60) Importer(815301076,1909f56bfc062723c751e8b465ee728b)
Start importing Assets/PolygonDungeon/Prefabs/Weapons/SM_Wep_Goblin_Axe_Large_01.prefab using Guid(5840d6af3b225554a806309ac5f08f60) Importer(815301076,1909f56bfc062723c751e8b465ee728b)  -> (artifact id: 'ec7b7968bd355edb823d5df2712f4b16') in 0.016858 seconds 
========================================================================
Received Import Request.
  Time since last request: 0.009971 seconds.
  path: Assets/PolygonDungeon/Prefabs/Weapons/SM_Wep_Goblin_Bone_Axe_01.prefab
  artifactKey: Guid(30e79f1ee8153bf42a01bf27c8a2d6f9) Importer(815301076,1909f56bfc062723c751e8b465ee728b)
Start importing Assets/PolygonDungeon/Prefabs/Weapons/SM_Wep_Goblin_Bone_Axe_01.prefab using Guid(30e79f1ee8153bf42a01bf27c8a2d6f9) Importer(815301076,1909f56bfc062723c751e8b465ee728b)  -> (artifact id: 'c8be5b34fd49515600c29558f4337289') in 0.015139 seconds 
========================================================================
Received Import Request.
  Time since last request: 0.177881 seconds.
  path: Assets/PolygonDungeon/Prefabs/Weapons/SM_Wep_Goblin_Gem_Hammer_01.prefab
  artifactKey: Guid(b1a73d9e29e72e147a50663f2f8ddac7) Importer(815301076,1909f56bfc062723c751e8b465ee728b)
Start importing Assets/PolygonDungeon/Prefabs/Weapons/SM_Wep_Goblin_Gem_Hammer_01.prefab using Guid(b1a73d9e29e72e147a50663f2f8ddac7) Importer(815301076,1909f56bfc062723c751e8b465ee728b)  -> (artifact id: '4c4b7a7b9aff28b20963a6a12fe30041') in 0.015817 seconds 
========================================================================
Received Import Request.
  Time since last request: 0.218800 seconds.
  path: Assets/PolygonDungeon/Prefabs/Weapons/SM_Wep_Goblin_Shiv_Bone_01.prefab
  artifactKey: Guid(df7d13354c6fd5f438880a25ebd59596) Importer(815301076,1909f56bfc062723c751e8b465ee728b)
Start importing Assets/PolygonDungeon/Prefabs/Weapons/SM_Wep_Goblin_Shiv_Bone_01.prefab using Guid(df7d13354c6fd5f438880a25ebd59596) Importer(815301076,1909f56bfc062723c751e8b465ee728b)  -> (artifact id: '9317b68d392d0969d1cd591663391cd3') in 0.014896 seconds 
========================================================================
Received Import Request.
  Time since last request: 0.015234 seconds.
  path: Assets/PolygonDungeon/Prefabs/Weapons/SM_Wep_Goblin_Spear_01.prefab
  artifactKey: Guid(843cd7f8f2fb4d1488ab944cd5e973d8) Importer(815301076,1909f56bfc062723c751e8b465ee728b)
Start importing Assets/PolygonDungeon/Prefabs/Weapons/SM_Wep_Goblin_Spear_01.prefab using Guid(843cd7f8f2fb4d1488ab944cd5e973d8) Importer(815301076,1909f56bfc062723c751e8b465ee728b)  -> (artifact id: '246bb42193cfdbf774289bbe4e8090c0') in 0.015058 seconds 
========================================================================
Received Import Request.
  Time since last request: 37.612838 seconds.
  path: Assets/PolygonDungeon/Models/SM_Env_Tiles_05.fbx
  artifactKey: Guid(de31136d42ebe6b4a896b248bb39d41e) Importer(815301076,1909f56bfc062723c751e8b465ee728b)
Start importing Assets/PolygonDungeon/Models/SM_Env_Tiles_05.fbx using Guid(de31136d42ebe6b4a896b248bb39d41e) Importer(815301076,1909f56bfc062723c751e8b465ee728b)  -> (artifact id: 'b72eaa8782d41cc0b5602e736fa4443b') in 0.025469 seconds 
Editor requested this worker to shutdown with reason: Scaling down because of idle timeout
AssetImportWorker is now disconnected from the server
Process exiting
Exiting without the bug reporter. Application will terminate with return code 0